Log file open, 01/29/21 14:29:14
LogInit: Display: Running engine for game: MyProject2
LogPlatformFile: Not using cached read wrapper
LogTaskGraph: Started task graph with 5 named threads and 23 total threads with 3 sets of task threads.
LogStats: Stats thread started at 0.250477
LogD3D11RHI: Loaded GFSDK_Aftermath_Lib.x64.dll
LogICUInternationalization: ICU TimeZone Detection - Raw Offset: +1:00, Platform Override: ''
LogPluginManager: Mounting plugin Paper2D
LogPluginManager: Mounting plugin AISupport
LogPluginManager: Mounting plugin LightPropagationVolume
LogPluginManager: Mounting plugin CameraShakePreviewer
LogPluginManager: Mounting plugin ActorLayerUtilities
LogPluginManager: Mounting plugin AnimationSharing
LogPluginManager: Mounting plugin CLionSourceCodeAccess
LogPluginManager: Mounting plugin CodeLiteSourceCodeAccess
LogPluginManager: Mounting plugin GitSourceControl
LogPluginManager: Mounting plugin KDevelopSourceCodeAccess
LogPluginManager: Mounting plugin NullSourceCodeAccess
LogPluginManager: Mounting plugin PerforceSourceControl
LogPluginManager: Mounting plugin PlasticSourceControl
LogPluginManager: Mounting plugin RiderSourceCodeAccess
LogPluginManager: Mounting plugin SubversionSourceControl
LogPluginManager: Mounting plugin UObjectPlugin
LogPluginManager: Mounting plugin VisualStudioCodeSourceCodeAccess
LogPluginManager: Mounting plugin VisualStudioSourceCodeAccess
LogPluginManager: Mounting plugin XCodeSourceCodeAccess
LogPluginManager: Mounting plugin AssetManagerEditor
LogPluginManager: Mounting plugin CryptoKeys
LogPluginManager: Mounting plugin CurveEditorTools
LogPluginManager: Mounting plugin DataValidation
LogPluginManager: Mounting plugin EditorScriptingUtilities
LogPluginManager: Mounting plugin FacialAnimation
LogPluginManager: Mounting plugin GameplayTagsEditor
LogPluginManager: Mounting plugin GeometryMode
LogPluginManager: Mounting plugin MacGraphicsSwitching
LogPluginManager: Mounting plugin MaterialAnalyzer
LogPluginManager: Mounting plugin MobileLauncherProfileWizard
LogPluginManager: Mounting plugin PluginBrowser
LogPluginManager: Mounting plugin SpeedTreeImporter
LogPluginManager: Mounting plugin DatasmithContent
LogPluginManager: Mounting plugin VariantManagerContent
LogPluginManager: Mounting plugin AlembicImporter
LogPluginManager: Mounting plugin AutomationUtils
LogPluginManager: Mounting plugin BackChannel
LogPluginManager: Mounting plugin ChaosCloth
LogPluginManager: Mounting plugin ChaosClothEditor
LogPluginManager: Mounting plugin ChaosEditor
LogPluginManager: Mounting plugin ChaosNiagara
LogPluginManager: Mounting plugin ChaosSolverPlugin
LogPluginManager: Mounting plugin CharacterAI
LogPluginManager: Mounting plugin GeometryCache
LogPluginManager: Mounting plugin GeometryCollectionPlugin
LogPluginManager: Mounting plugin GeometryProcessing
LogPluginManager: Mounting plugin PlanarCut
LogPluginManager: Mounting plugin PlatformCrypto
LogPluginManager: Mounting plugin ProxyLODPlugin
LogPluginManager: Mounting plugin SkeletalReduction
LogPluginManager: Mounting plugin Niagara
LogPluginManager: Mounting plugin MagicLeap
LogPluginManager: Mounting plugin MagicLeapLightEstimation
LogPluginManager: Mounting plugin MagicLeapMedia
LogPluginManager: Mounting plugin MagicLeapPassableWorld
LogPluginManager: Mounting plugin MLSDK
LogPluginManager: Mounting plugin AndroidMedia
LogPluginManager: Mounting plugin AvfMedia
LogPluginManager: Mounting plugin ImgMedia
LogPluginManager: Mounting plugin MediaCompositing
LogPluginManager: Mounting plugin MediaPlayerEditor
LogPluginManager: Mounting plugin WebMMedia
LogPluginManager: Mounting plugin WmfMedia
LogPluginManager: Mounting plugin MeshPainting
LogPluginManager: Mounting plugin TcpMessaging
LogPluginManager: Mounting plugin UdpMessaging
LogPluginManager: Mounting plugin ActorSequence
LogPluginManager: Mounting plugin LevelSequenceEditor
LogPluginManager: Mounting plugin MatineeToLevelSequence
LogPluginManager: Mounting plugin MovieRenderPipeline
LogPluginManager: Mounting plugin TemplateSequence
LogPluginManager: Mounting plugin NetcodeUnitTest
LogPluginManager: Mounting plugin NUTUnrealEngine4
LogPluginManager: Mounting plugin OnlineSubsystemGooglePlay
LogPluginManager: Mounting plugin OnlineSubsystemIOS
LogPluginManager: Mounting plugin OnlineSubsystem
LogPluginManager: Mounting plugin OnlineSubsystemNull
LogPluginManager: Mounting plugin OnlineSubsystemUtils
LogPluginManager: Mounting plugin LauncherChunkInstaller
LogPluginManager: Mounting plugin AndroidDeviceProfileSelector
LogPluginManager: Mounting plugin AndroidMoviePlayer
LogPluginManager: Mounting plugin AndroidPermission
LogPluginManager: Mounting plugin AppleImageUtils
LogPluginManager: Mounting plugin AppleMoviePlayer
LogPluginManager: Mounting plugin ArchVisCharacter
LogPluginManager: Mounting plugin AssetTags
LogPluginManager: Mounting plugin AudioCapture
LogPluginManager: Mounting plugin CableComponent
LogPluginManager: Mounting plugin CustomMeshComponent
LogPluginManager: Mounting plugin EditableMesh
LogPluginManager: Mounting plugin ExampleDeviceProfileSelector
LogPluginManager: Mounting plugin GoogleCloudMessaging
LogPluginManager: Mounting plugin GooglePAD
LogPluginManager: Mounting plugin IOSDeviceProfileSelector
LogPluginManager: Mounting plugin LinuxDeviceProfileSelector
LogPluginManager: Mounting plugin LocationServicesBPLibrary
LogPluginManager: Mounting plugin MobilePatchingUtils
LogPluginManager: Mounting plugin OculusVR
LogPluginManager: Mounting plugin PhysXVehicles
LogPluginManager: Mounting plugin PostSplashScreen
LogPluginManager: Mounting plugin ProceduralMeshComponent
LogPluginManager: Mounting plugin RuntimePhysXCooking
LogPluginManager: Mounting plugin SignificanceManager
LogPluginManager: Mounting plugin SoundFields
LogPluginManager: Mounting plugin SteamVR
LogPluginManager: Mounting plugin Synthesis
LogPluginManager: Mounting plugin WebMMoviePlayer
LogPluginManager: Mounting plugin WindowsMoviePlayer
LogPluginManager: Mounting plugin ScreenshotTools
LogInit: Using libcurl 7.55.1-DEV
LogInit:  - built for x86_64-pc-win32
LogInit:  - supports SSL with OpenSSL/1.1.1
LogInit:  - supports HTTP deflate (compression) using libz 1.2.8
LogInit:  - other features:
LogInit:      CURL_VERSION_SSL
LogInit:      CURL_VERSION_LIBZ
LogInit:      CURL_VERSION_IPV6
LogInit:      CURL_VERSION_ASYNCHDNS
LogInit:      CURL_VERSION_LARGEFILE
LogInit:      CURL_VERSION_IDN
LogInit:  CurlRequestOptions (configurable via config and command line):
LogInit:  - bVerifyPeer = true  - Libcurl will verify peer certificate
LogInit:  - bUseHttpProxy = false  - Libcurl will NOT use HTTP proxy
LogInit:  - bDontReuseConnections = false  - Libcurl will reuse connections
LogInit:  - MaxHostConnections = 16  - Libcurl will limit the number of connections to a host
LogInit:  - LocalHostAddr = Default
LogInit:  - BufferSize = 65536
LogOnline: OSS: Creating online subsystem instance for: NULL
LogInit: WinSock: version 1.1 (2.2), MaxSocks=32767, MaxUdp=65467
LogOnline: OSS: TryLoadSubsystemAndSetDefault: Loaded subsystem for module [NULL]
LogInit: Build: ++UE4+Release-4.25-CL-14469661
LogInit: Engine Version: 4.25.4-14469661+++UE4+Release-4.25
LogInit: Compatible Engine Version: 4.25.0-13144385+++UE4+Release-4.25
LogInit: Net CL: 13144385
LogInit: OS: Windows 10 (Release 2004) (), CPU: AMD Ryzen 5 3400G with Radeon Vega Graphics    , GPU: NVIDIA GeForce GTX 1650
LogInit: Compiled (64-bit): Oct 11 2020 08:10:49
LogInit: Compiled with Visual C++: 19.24.28315.00
LogInit: Build Configuration: Development
LogInit: Branch Name: ++UE4+Release-4.25
LogInit: Command Line:  -EpicPortal -epicusername="Banatski Faker" -epicuserid=5775fc4673d445b78ce5d863506ecc56 -epiclocale=en
LogInit: Base Directory: D:/EpicGamesInstall/UE_4.25/Engine/Binaries/Win64/
LogInit: Allocator: TBB
LogInit: Installed Engine Build: 1
LogDevObjectVersion: Number of dev versions registered: 26
LogDevObjectVersion:   Dev-Blueprints (B0D832E4-1F89-4F0D-ACCF-7EB736FD4AA2): 10
LogDevObjectVersion:   Dev-Build (E1C64328-A22C-4D53-A36C-8E866417BD8C): 0
LogDevObjectVersion:   Dev-Core (375EC13C-06E4-48FB-B500-84F0262A717E): 4
LogDevObjectVersion:   Dev-Editor (E4B068ED-F494-42E9-A231-DA0B2E46BB41): 38
LogDevObjectVersion:   Dev-Framework (CFFC743F-43B0-4480-9391-14DF171D2073): 37
LogDevObjectVersion:   Dev-Mobile (B02B49B5-BB20-44E9-A304-32B752E40360): 2
LogDevObjectVersion:   Dev-Networking (A4E4105C-59A1-49B5-A7C5-40C4547EDFEE): 0
LogDevObjectVersion:   Dev-Online (39C831C9-5AE6-47DC-9A44-9C173E1C8E7C): 0
LogDevObjectVersion:   Dev-Physics (78F01B33-EBEA-4F98-B9B4-84EACCB95AA2): 4
LogDevObjectVersion:   Dev-Platform (6631380F-2D4D-43E0-8009-CF276956A95A): 0
LogDevObjectVersion:   Dev-Rendering (12F88B9F-8875-4AFC-A67C-D90C383ABD29): 43
LogDevObjectVersion:   Dev-Sequencer (7B5AE74C-D270-4C10-A958-57980B212A5A): 12
LogDevObjectVersion:   Dev-VR (D7296918-1DD6-4BDD-9DE2-64A83CC13884): 3
LogDevObjectVersion:   Dev-LoadTimes (C2A15278-BFE7-4AFE-6C17-90FF531DF755): 1
LogDevObjectVersion:   Private-Geometry (6EACA3D4-40EC-4CC1-B786-8BED09428FC5): 3
LogDevObjectVersion:   Dev-AnimPhys (29E575DD-E0A3-4627-9D10-D276232CDCEA): 17
LogDevObjectVersion:   Dev-Anim (AF43A65D-7FD3-4947-9873-3E8ED9C1BB05): 7
LogDevObjectVersion:   Dev-ReflectionCapture (6B266CEC-1EC7-4B8F-A30B-E4D90942FC07): 1
LogDevObjectVersion:   Dev-Automation (0DF73D61-A23F-47EA-B727-89E90C41499A): 1
LogDevObjectVersion:   FortniteMain (601D1886-AC64-4F84-AA16-D3DE0DEAC7D6): 31
LogDevObjectVersion:   Dev-Enterprise (9DFFBCD6-494F-0158-E221-12823C92A888): 10
LogDevObjectVersion:   Dev-Niagara (F2AED0AC-9AFE-416F-8664-AA7FFA26D6FC): 1
LogDevObjectVersion:   Dev-Destruction (174F1F0B-B4C6-45A5-B13F-2EE8D0FB917D): 10
LogDevObjectVersion:   Dev-Physics-Ext (35F94A83-E258-406C-A318-09F59610247C): 37
LogDevObjectVersion:   Dev-PhysicsMaterial-Chaos (B68FC16E-8B1B-42E2-B453-215C058844FE): 1
LogDevObjectVersion:   Dev-CineCamera (B2E18506-4273-CFC2-A54E-F4BB758BBA07): 1
LogInit: Presizing for max 25165824 objects, including 0 objects not considered by GC, pre-allocating 0 bytes for permanent pool.
LogConfig: Applying CVar settings from Section [/Script/Engine.StreamingSettings] File [D:/Unity Projects/Radisa/Saved/Config/Windows/Engine.ini]
LogConfig: Setting CVar [[s.MinBulkDataSizeForAsyncLoading:131072]]
LogConfig: Setting CVar [[s.AsyncLoadingThreadEnabled:0]]
LogConfig: Setting CVar [[s.EventDrivenLoaderEnabled:1]]
LogConfig: Setting CVar [[s.WarnIfTimeLimitExceeded:0]]
LogConfig: Setting CVar [[s.TimeLimitExceededMultiplier:1.5]]
LogConfig: Setting CVar [[s.TimeLimitExceededMinTime:0.005]]
LogConfig: Setting CVar [[s.UseBackgroundLevelStreaming:1]]
LogConfig: Setting CVar [[s.PriorityAsyncLoadingExtraTime:15.0]]
LogConfig: Setting CVar [[s.LevelStreamingActorsUpdateTimeLimit:5.0]]
LogConfig: Setting CVar [[s.PriorityLevelStreamingActorsUpdateExtraTime:5.0]]
LogConfig: Setting CVar [[s.LevelStreamingComponentsRegistrationGranularity:10]]
LogConfig: Setting CVar [[s.UnregisterComponentsTimeLimit:1.0]]
LogConfig: Setting CVar [[s.LevelStreamingComponentsUnregistrationGranularity:5]]
LogConfig: Setting CVar [[s.FlushStreamingOnExit:1]]
LogInit: Object subsystem initialized
LogConfig: Setting CVar [[con.DebugEarlyDefault:1]]
LogConfig: Setting CVar [[r.setres:1280x720]]
[2021.01.29-13.29.14:775][  0]LogConfig: Setting CVar [[r.VSync:0]]
[2021.01.29-13.29.14:775][  0]LogConfig: Setting CVar [[r.RHICmdBypass:0]]
[2021.01.29-13.29.14:775][  0]LogConfig: Applying CVar settings from Section [/Script/Engine.RendererSettings] File [D:/Unity Projects/Radisa/Saved/Config/Windows/Engine.ini]
[2021.01.29-13.29.14:775][  0]LogConfig: Setting CVar [[r.GPUCrashDebugging:0]]
[2021.01.29-13.29.14:775][  0]LogConfig: Applying CVar settings from Section [/Script/Engine.RendererOverrideSettings] File [D:/Unity Projects/Radisa/Saved/Config/Windows/Engine.ini]
[2021.01.29-13.29.14:775][  0]LogConfig: Applying CVar settings from Section [/Script/Engine.StreamingSettings] File [D:/Unity Projects/Radisa/Saved/Config/Windows/Engine.ini]
[2021.01.29-13.29.14:775][  0]LogConfig: Setting CVar [[s.MinBulkDataSizeForAsyncLoading:131072]]
[2021.01.29-13.29.14:775][  0]LogConfig: Setting CVar [[s.AsyncLoadingThreadEnabled:0]]
[2021.01.29-13.29.14:775][  0]LogConfig: Setting CVar [[s.EventDrivenLoaderEnabled:1]]
[2021.01.29-13.29.14:775][  0]LogConfig: Setting CVar [[s.WarnIfTimeLimitExceeded:0]]
[2021.01.29-13.29.14:775][  0]LogConfig: Setting CVar [[s.TimeLimitExceededMultiplier:1.5]]
[2021.01.29-13.29.14:775][  0]LogConfig: Setting CVar [[s.TimeLimitExceededMinTime:0.005]]
[2021.01.29-13.29.14:775][  0]LogConfig: Setting CVar [[s.UseBackgroundLevelStreaming:1]]
[2021.01.29-13.29.14:775][  0]LogConfig: Setting CVar [[s.PriorityAsyncLoadingExtraTime:15.0]]
[2021.01.29-13.29.14:775][  0]LogConfig: Setting CVar [[s.LevelStreamingActorsUpdateTimeLimit:5.0]]
[2021.01.29-13.29.14:775][  0]LogConfig: Setting CVar [[s.PriorityLevelStreamingActorsUpdateExtraTime:5.0]]
[2021.01.29-13.29.14:775][  0]LogConfig: Setting CVar [[s.LevelStreamingComponentsRegistrationGranularity:10]]
[2021.01.29-13.29.14:775][  0]LogConfig: Setting CVar [[s.UnregisterComponentsTimeLimit:1.0]]
[2021.01.29-13.29.14:775][  0]LogConfig: Setting CVar [[s.LevelStreamingComponentsUnregistrationGranularity:5]]
[2021.01.29-13.29.14:775][  0]LogConfig: Setting CVar [[s.FlushStreamingOnExit:1]]
[2021.01.29-13.29.14:775][  0]LogConfig: Applying CVar settings from Section [/Script/Engine.GarbageCollectionSettings] File [D:/Unity Projects/Radisa/Saved/Config/Windows/Engine.ini]
[2021.01.29-13.29.14:775][  0]LogConfig: Setting CVar [[gc.MaxObjectsNotConsideredByGC:1]]
[2021.01.29-13.29.14:775][  0]LogConfig: Setting CVar [[gc.SizeOfPermanentObjectPool:0]]
[2021.01.29-13.29.14:775][  0]LogConfig: Setting CVar [[gc.FlushStreamingOnGC:0]]
[2021.01.29-13.29.14:775][  0]LogConfig: Setting CVar [[gc.NumRetriesBeforeForcingGC:10]]
[2021.01.29-13.29.14:775][  0]LogConfig: Setting CVar [[gc.AllowParallelGC:1]]
[2021.01.29-13.29.14:775][  0]LogConfig: Setting CVar [[gc.TimeBetweenPurgingPendingKillObjects:61.1]]
[2021.01.29-13.29.14:775][  0]LogConfig: Setting CVar [[gc.MaxObjectsInEditor:25165824]]
[2021.01.29-13.29.14:775][  0]LogConfig: Setting CVar [[gc.IncrementalBeginDestroyEnabled:1]]
[2021.01.29-13.29.14:775][  0]LogConfig: Setting CVar [[gc.CreateGCClusters:1]]
[2021.01.29-13.29.14:775][  0]LogConfig: Setting CVar [[gc.MinGCClusterSize:5]]
[2021.01.29-13.29.14:775][  0]LogConfig: Setting CVar [[gc.ActorClusteringEnabled:0]]
[2021.01.29-13.29.14:775][  0]LogConfig: Setting CVar [[gc.BlueprintClusteringEnabled:0]]
[2021.01.29-13.29.14:775][  0]LogConfig: Setting CVar [[gc.UseDisregardForGCOnDedicatedServers:0]]
[2021.01.29-13.29.14:775][  0]LogConfig: Applying CVar settings from Section [/Script/Engine.NetworkSettings] File [D:/Unity Projects/Radisa/Saved/Config/Windows/Engine.ini]
[2021.01.29-13.29.14:776][  0]LogConfig: Applying CVar settings from Section [/Script/UnrealEd.CookerSettings] File [D:/Unity Projects/Radisa/Saved/Config/Windows/Engine.ini]
[2021.01.29-13.29.14:779][  0]LogConfig: Applying CVar settings from Section [ViewDistanceQuality@3] File [D:/Unity Projects/Radisa/Saved/Config/Windows/Scalability.ini]
[2021.01.29-13.29.14:779][  0]LogConfig: Setting CVar [[r.SkeletalMeshLODBias:0]]
[2021.01.29-13.29.14:779][  0]LogConfig: Setting CVar [[r.ViewDistanceScale:1.0]]
[2021.01.29-13.29.14:779][  0]LogConfig: Applying CVar settings from Section [AntiAliasingQuality@3] File [D:/Unity Projects/Radisa/Saved/Config/Windows/Scalability.ini]
[2021.01.29-13.29.14:779][  0]LogConfig: Setting CVar [[r.PostProcessAAQuality:4]]
[2021.01.29-13.29.14:779][  0]LogConfig: Applying CVar settings from Section [ShadowQuality@3] File [D:/Unity Projects/Radisa/Saved/Config/Windows/Scalability.ini]
[2021.01.29-13.29.14:779][  0]LogConfig: Setting CVar [[r.LightFunctionQuality:1]]
[2021.01.29-13.29.14:779][  0]LogConfig: Setting CVar [[r.ShadowQuality:5]]
[2021.01.29-13.29.14:779][  0]LogConfig: Setting CVar [[r.Shadow.CSM.MaxCascades:10]]
[2021.01.29-13.29.14:779][  0]LogConfig: Setting CVar [[r.Shadow.MaxResolution:2048]]
[2021.01.29-13.29.14:779][  0]LogConfig: Setting CVar [[r.Shadow.MaxCSMResolution:2048]]
[2021.01.29-13.29.14:779][  0]LogConfig: Setting CVar [[r.Shadow.RadiusThreshold:0.01]]
[2021.01.29-13.29.14:779][  0]LogConfig: Setting CVar [[r.Shadow.DistanceScale:1.0]]
[2021.01.29-13.29.14:779][  0]LogConfig: Setting CVar [[r.Shadow.CSM.TransitionScale:1.0]]
[2021.01.29-13.29.14:779][  0]LogConfig: Setting CVar [[r.Shadow.PreShadowResolutionFactor:1.0]]
[2021.01.29-13.29.14:779][  0]LogConfig: Setting CVar [[r.DistanceFieldShadowing:1]]
[2021.01.29-13.29.14:779][  0]LogConfig: Setting CVar [[r.DistanceFieldAO:1]]
[2021.01.29-13.29.14:779][  0]LogConfig: Setting CVar [[r.AOQuality:2]]
[2021.01.29-13.29.14:779][  0]LogConfig: Setting CVar [[r.VolumetricFog:1]]
[2021.01.29-13.29.14:779][  0]LogConfig: Setting CVar [[r.VolumetricFog.GridPixelSize:8]]
[2021.01.29-13.29.14:779][  0]LogConfig: Setting CVar [[r.VolumetricFog.GridSizeZ:128]]
[2021.01.29-13.29.14:779][  0]LogConfig: Setting CVar [[r.VolumetricFog.HistoryMissSupersampleCount:4]]
[2021.01.29-13.29.14:779][  0]LogConfig: Setting CVar [[r.LightMaxDrawDistanceScale:1]]
[2021.01.29-13.29.14:779][  0]LogConfig: Setting CVar [[r.CapsuleShadows:1]]
[2021.01.29-13.29.14:779][  0]LogConfig: Applying CVar settings from Section [PostProcessQuality@3] File [D:/Unity Projects/Radisa/Saved/Config/Windows/Scalability.ini]
[2021.01.29-13.29.14:779][  0]LogConfig: Setting CVar [[r.MotionBlurQuality:4]]
[2021.01.29-13.29.14:779][  0]LogConfig: Setting CVar [[r.AmbientOcclusionMipLevelFactor:0.4]]
[2021.01.29-13.29.14:779][  0]LogConfig: Setting CVar [[r.AmbientOcclusionMaxQuality:100]]
[2021.01.29-13.29.14:779][  0]LogConfig: Setting CVar [[r.AmbientOcclusionLevels:-1]]
[2021.01.29-13.29.14:779][  0]LogConfig: Setting CVar [[r.AmbientOcclusionRadiusScale:1.0]]
[2021.01.29-13.29.14:779][  0]LogConfig: Setting CVar [[r.DepthOfFieldQuality:2]]
[2021.01.29-13.29.14:779][  0]LogConfig: Setting CVar [[r.RenderTargetPoolMin:400]]
[2021.01.29-13.29.14:779][  0]LogConfig: Setting CVar [[r.LensFlareQuality:2]]
[2021.01.29-13.29.14:779][  0]LogConfig: Setting CVar [[r.SceneColorFringeQuality:1]]
[2021.01.29-13.29.14:779][  0]LogConfig: Setting CVar [[r.EyeAdaptationQuality:2]]
[2021.01.29-13.29.14:779][  0]LogConfig: Setting CVar [[r.BloomQuality:5]]
[2021.01.29-13.29.14:779][  0]LogConfig: Setting CVar [[r.FastBlurThreshold:100]]
[2021.01.29-13.29.14:779][  0]LogConfig: Setting CVar [[r.Upscale.Quality:3]]
[2021.01.29-13.29.14:779][  0]LogConfig: Setting CVar [[r.Tonemapper.GrainQuantization:1]]
[2021.01.29-13.29.14:779][  0]LogConfig: Setting CVar [[r.LightShaftQuality:1]]
[2021.01.29-13.29.14:779][  0]LogConfig: Setting CVar [[r.Filter.SizeScale:1]]
[2021.01.29-13.29.14:779][  0]LogConfig: Setting CVar [[r.Tonemapper.Quality:5]]
[2021.01.29-13.29.14:779][  0]LogConfig: Setting CVar [[r.DOF.Gather.AccumulatorQuality:1        ; higher gathering accumulator quality]]
[2021.01.29-13.29.14:779][  0]LogConfig: Setting CVar [[r.DOF.Gather.PostfilterMethod:1          ; Median3x3 postfilering method]]
[2021.01.29-13.29.14:780][  0]LogConfig: Setting CVar [[r.DOF.Gather.EnableBokehSettings:0       ; no bokeh simulation when gathering]]
[2021.01.29-13.29.14:780][  0]LogConfig: Setting CVar [[r.DOF.Gather.RingCount:4                 ; medium number of samples when gathering]]
[2021.01.29-13.29.14:780][  0]LogConfig: Setting CVar [[r.DOF.Scatter.ForegroundCompositing:1    ; additive foreground scattering]]
[2021.01.29-13.29.14:780][  0]LogConfig: Setting CVar [[r.DOF.Scatter.BackgroundCompositing:2    ; additive background scattering]]
[2021.01.29-13.29.14:780][  0]LogConfig: Setting CVar [[r.DOF.Scatter.EnableBokehSettings:1      ; bokeh simulation when scattering]]
[2021.01.29-13.29.14:780][  0]LogConfig: Setting CVar [[r.DOF.Scatter.MaxSpriteRatio:0.1         ; only a maximum of 10% of scattered bokeh]]
[2021.01.29-13.29.14:780][  0]LogConfig: Setting CVar [[r.DOF.Recombine.Quality:1                ; cheap slight out of focus]]
[2021.01.29-13.29.14:780][  0]LogConfig: Setting CVar [[r.DOF.Recombine.EnableBokehSettings:0    ; no bokeh simulation on slight out of focus]]
[2021.01.29-13.29.14:780][  0]LogConfig: Setting CVar [[r.DOF.TemporalAAQuality:1                ; more stable temporal accumulation]]
[2021.01.29-13.29.14:780][  0]LogConfig: Setting CVar [[r.DOF.Kernel.MaxForegroundRadius:0.025]]
[2021.01.29-13.29.14:780][  0]LogConfig: Setting CVar [[r.DOF.Kernel.MaxBackgroundRadius:0.025]]
[2021.01.29-13.29.14:780][  0]LogConfig: Applying CVar settings from Section [TextureQuality@3] File [D:/Unity Projects/Radisa/Saved/Config/Windows/Scalability.ini]
[2021.01.29-13.29.14:780][  0]LogConfig: Setting CVar [[r.Streaming.MipBias:0]]
[2021.01.29-13.29.14:780][  0]LogConfig: Setting CVar [[r.Streaming.AmortizeCPUToGPUCopy:0]]
[2021.01.29-13.29.14:780][  0]LogConfig: Setting CVar [[r.Streaming.MaxNumTexturesToStreamPerFrame:0]]
[2021.01.29-13.29.14:780][  0]LogConfig: Setting CVar [[r.Streaming.Boost:1]]
[2021.01.29-13.29.14:780][  0]LogConfig: Setting CVar [[r.MaxAnisotropy:8]]
[2021.01.29-13.29.14:780][  0]LogConfig: Setting CVar [[r.VT.MaxAnisotropy:8]]
[2021.01.29-13.29.14:780][  0]LogConfig: Setting CVar [[r.Streaming.LimitPoolSizeToVRAM:0]]
[2021.01.29-13.29.14:780][  0]LogConfig: Setting CVar [[r.Streaming.PoolSize:1000]]
[2021.01.29-13.29.14:780][  0]LogConfig: Setting CVar [[r.Streaming.MaxEffectiveScreenSize:0]]
[2021.01.29-13.29.14:780][  0]LogConfig: Applying CVar settings from Section [EffectsQuality@3] File [D:/Unity Projects/Radisa/Saved/Config/Windows/Scalability.ini]
[2021.01.29-13.29.14:780][  0]LogConfig: Setting CVar [[r.TranslucencyLightingVolumeDim:64]]
[2021.01.29-13.29.14:780][  0]LogConfig: Setting CVar [[r.RefractionQuality:2]]
[2021.01.29-13.29.14:780][  0]LogConfig: Setting CVar [[r.SSR.Quality:3]]
[2021.01.29-13.29.14:780][  0]LogConfig: Setting CVar [[r.SSR.HalfResSceneColor:0]]
[2021.01.29-13.29.14:780][  0]LogConfig: Setting CVar [[r.SceneColorFormat:4]]
[2021.01.29-13.29.14:780][  0]LogConfig: Setting CVar [[r.DetailMode:2]]
[2021.01.29-13.29.14:780][  0]LogConfig: Setting CVar [[r.TranslucencyVolumeBlur:1]]
[2021.01.29-13.29.14:780][  0]LogConfig: Setting CVar [[r.MaterialQualityLevel:1 ; High quality]]
[2021.01.29-13.29.14:780][  0]LogConfig: Setting CVar [[r.SSS.Scale:1]]
[2021.01.29-13.29.14:780][  0]LogConfig: Setting CVar [[r.SSS.SampleSet:2]]
[2021.01.29-13.29.14:780][  0]LogConfig: Setting CVar [[r.SSS.Quality:1]]
[2021.01.29-13.29.14:780][  0]LogConfig: Setting CVar [[r.SSS.HalfRes:0]]
[2021.01.29-13.29.14:780][  0]LogConfig: Setting CVar [[r.SSGI.Quality:3]]
[2021.01.29-13.29.14:780][  0]LogConfig: Setting CVar [[r.EmitterSpawnRateScale:1.0]]
[2021.01.29-13.29.14:780][  0]LogConfig: Setting CVar [[r.ParticleLightQuality:2]]
[2021.01.29-13.29.14:780][  0]LogConfig: Setting CVar [[r.SkyAtmosphere.AerialPerspectiveLUT.FastApplyOnOpaque:1 ; Always have FastSkyLUT 1 in this case to avoid wrong sky]]
[2021.01.29-13.29.14:780][  0]LogConfig: Setting CVar [[r.SkyAtmosphere.AerialPerspectiveLUT.SampleCountPerSlice:1]]
[2021.01.29-13.29.14:780][  0]LogConfig: Setting CVar [[r.SkyAtmosphere.AerialPerspectiveLUT.DepthResolution:16.0]]
[2021.01.29-13.29.14:780][  0]LogConfig: Setting CVar [[r.SkyAtmosphere.FastSkyLUT:1]]
[2021.01.29-13.29.14:780][  0]LogConfig: Setting CVar [[r.SkyAtmosphere.FastSkyLUT.SampleCountMin:4.0]]
[2021.01.29-13.29.14:780][  0]LogConfig: Setting CVar [[r.SkyAtmosphere.FastSkyLUT.SampleCountMax:32.0]]
[2021.01.29-13.29.14:780][  0]LogConfig: Setting CVar [[r.SkyAtmosphere.SampleCountMin:4.0]]
[2021.01.29-13.29.14:780][  0]LogConfig: Setting CVar [[r.SkyAtmosphere.SampleCountMax:32.0]]
[2021.01.29-13.29.14:780][  0]LogConfig: Setting CVar [[r.SkyAtmosphere.TransmittanceLUT.UseSmallFormat:0]]
[2021.01.29-13.29.14:780][  0]LogConfig: Setting CVar [[r.SkyAtmosphere.TransmittanceLUT.SampleCount:10.0]]
[2021.01.29-13.29.14:780][  0]LogConfig: Setting CVar [[r.SkyAtmosphere.MultiScatteringLUT.SampleCount:15.0]]
[2021.01.29-13.29.14:780][  0]LogConfig: Applying CVar settings from Section [FoliageQuality@3] File [D:/Unity Projects/Radisa/Saved/Config/Windows/Scalability.ini]
[2021.01.29-13.29.14:780][  0]LogConfig: Setting CVar [[foliage.DensityScale:1.0]]
[2021.01.29-13.29.14:780][  0]LogConfig: Setting CVar [[grass.DensityScale:1.0]]
[2021.01.29-13.29.14:780][  0]LogConfig: Applying CVar settings from Section [ShadingQuality@3] File [D:/Unity Projects/Radisa/Saved/Config/Windows/Scalability.ini]
[2021.01.29-13.29.14:780][  0]LogConfig: Setting CVar [[r.HairStrands.SkyLighting.SampleCount:16]]
[2021.01.29-13.29.14:780][  0]LogConfig: Setting CVar [[r.HairStrands.SkyLighting.JitterIntegration:0]]
[2021.01.29-13.29.14:780][  0]LogConfig: Setting CVar [[r.HairStrands.SkyAO.SampleCount:16]]
[2021.01.29-13.29.14:780][  0]LogConfig: Setting CVar [[r.HairStrands.DeepShadow.SuperSampling:0]]
[2021.01.29-13.29.14:780][  0]LogConfig: Setting CVar [[r.HairStrands.VisibilityPPLL:0]]
[2021.01.29-13.29.14:780][  0]LogConfig: Setting CVar [[r.HairStrands.RasterizationScale:0.5]]
[2021.01.29-13.29.14:780][  0]LogConfig: Setting CVar [[r.HairStrands.VelocityRasterizationScale:1]]
[2021.01.29-13.29.14:780][  0]LogInit: Selected Device Profile: [Windows]
[2021.01.29-13.29.14:780][  0]LogInit: Applying CVar settings loaded from the selected device profile: [Windows]
[2021.01.29-13.29.14:780][  0]LogHAL: Display: Platform has ~ 16 GB [17125732352 / 17179869184 / 16], which maps to Larger [LargestMinGB=32, LargerMinGB=12, DefaultMinGB=8, SmallerMinGB=6, SmallestMinGB=0)
[2021.01.29-13.29.14:780][  0]LogInit: Going up to parent DeviceProfile []
[2021.01.29-13.29.14:780][  0]LogConfig: Applying CVar settings from Section [ViewDistanceQuality@3] File [D:/Unity Projects/Radisa/Saved/Config/Windows/Scalability.ini]
[2021.01.29-13.29.14:780][  0]LogConfig: Setting CVar [[r.SkeletalMeshLODBias:0]]
[2021.01.29-13.29.14:780][  0]LogConfig: Setting CVar [[r.ViewDistanceScale:1.0]]
[2021.01.29-13.29.14:780][  0]LogConfig: Applying CVar settings from Section [AntiAliasingQuality@3] File [D:/Unity Projects/Radisa/Saved/Config/Windows/Scalability.ini]
[2021.01.29-13.29.14:780][  0]LogConfig: Setting CVar [[r.PostProcessAAQuality:4]]
[2021.01.29-13.29.14:780][  0]LogConfig: Applying CVar settings from Section [ShadowQuality@3] File [D:/Unity Projects/Radisa/Saved/Config/Windows/Scalability.ini]
[2021.01.29-13.29.14:780][  0]LogConfig: Setting CVar [[r.LightFunctionQuality:1]]
[2021.01.29-13.29.14:780][  0]LogConfig: Setting CVar [[r.ShadowQuality:5]]
[2021.01.29-13.29.14:780][  0]LogConfig: Setting CVar [[r.Shadow.CSM.MaxCascades:10]]
[2021.01.29-13.29.14:780][  0]LogConfig: Setting CVar [[r.Shadow.MaxResolution:2048]]
[2021.01.29-13.29.14:780][  0]LogConfig: Setting CVar [[r.Shadow.MaxCSMResolution:2048]]
[2021.01.29-13.29.14:781][  0]LogConfig: Setting CVar [[r.Shadow.RadiusThreshold:0.01]]
[2021.01.29-13.29.14:781][  0]LogConfig: Setting CVar [[r.Shadow.DistanceScale:1.0]]
[2021.01.29-13.29.14:781][  0]LogConfig: Setting CVar [[r.Shadow.CSM.TransitionScale:1.0]]
[2021.01.29-13.29.14:781][  0]LogConfig: Setting CVar [[r.Shadow.PreShadowResolutionFactor:1.0]]
[2021.01.29-13.29.14:781][  0]LogConfig: Setting CVar [[r.DistanceFieldShadowing:1]]
[2021.01.29-13.29.14:781][  0]LogConfig: Setting CVar [[r.DistanceFieldAO:1]]
[2021.01.29-13.29.14:781][  0]LogConfig: Setting CVar [[r.AOQuality:2]]
[2021.01.29-13.29.14:781][  0]LogConfig: Setting CVar [[r.VolumetricFog:1]]
[2021.01.29-13.29.14:781][  0]LogConfig: Setting CVar [[r.VolumetricFog.GridPixelSize:8]]
[2021.01.29-13.29.14:781][  0]LogConfig: Setting CVar [[r.VolumetricFog.GridSizeZ:128]]
[2021.01.29-13.29.14:781][  0]LogConfig: Setting CVar [[r.VolumetricFog.HistoryMissSupersampleCount:4]]
[2021.01.29-13.29.14:781][  0]LogConfig: Setting CVar [[r.LightMaxDrawDistanceScale:1]]
[2021.01.29-13.29.14:781][  0]LogConfig: Setting CVar [[r.CapsuleShadows:1]]
[2021.01.29-13.29.14:781][  0]LogConfig: Applying CVar settings from Section [PostProcessQuality@3] File [D:/Unity Projects/Radisa/Saved/Config/Windows/Scalability.ini]
[2021.01.29-13.29.14:781][  0]LogConfig: Setting CVar [[r.MotionBlurQuality:4]]
[2021.01.29-13.29.14:781][  0]LogConfig: Setting CVar [[r.AmbientOcclusionMipLevelFactor:0.4]]
[2021.01.29-13.29.14:781][  0]LogConfig: Setting CVar [[r.AmbientOcclusionMaxQuality:100]]
[2021.01.29-13.29.14:781][  0]LogConfig: Setting CVar [[r.AmbientOcclusionLevels:-1]]
[2021.01.29-13.29.14:781][  0]LogConfig: Setting CVar [[r.AmbientOcclusionRadiusScale:1.0]]
[2021.01.29-13.29.14:781][  0]LogConfig: Setting CVar [[r.DepthOfFieldQuality:2]]
[2021.01.29-13.29.14:781][  0]LogConfig: Setting CVar [[r.RenderTargetPoolMin:400]]
[2021.01.29-13.29.14:781][  0]LogConfig: Setting CVar [[r.LensFlareQuality:2]]
[2021.01.29-13.29.14:781][  0]LogConfig: Setting CVar [[r.SceneColorFringeQuality:1]]
[2021.01.29-13.29.14:781][  0]LogConfig: Setting CVar [[r.EyeAdaptationQuality:2]]
[2021.01.29-13.29.14:781][  0]LogConfig: Setting CVar [[r.BloomQuality:5]]
[2021.01.29-13.29.14:781][  0]LogConfig: Setting CVar [[r.FastBlurThreshold:100]]
[2021.01.29-13.29.14:781][  0]LogConfig: Setting CVar [[r.Upscale.Quality:3]]
[2021.01.29-13.29.14:781][  0]LogConfig: Setting CVar [[r.Tonemapper.GrainQuantization:1]]
[2021.01.29-13.29.14:781][  0]LogConfig: Setting CVar [[r.LightShaftQuality:1]]
[2021.01.29-13.29.14:781][  0]LogConfig: Setting CVar [[r.Filter.SizeScale:1]]
[2021.01.29-13.29.14:781][  0]LogConfig: Setting CVar [[r.Tonemapper.Quality:5]]
[2021.01.29-13.29.14:781][  0]LogConfig: Setting CVar [[r.DOF.Gather.AccumulatorQuality:1        ; higher gathering accumulator quality]]
[2021.01.29-13.29.14:781][  0]LogConfig: Setting CVar [[r.DOF.Gather.PostfilterMethod:1          ; Median3x3 postfilering method]]
[2021.01.29-13.29.14:781][  0]LogConfig: Setting CVar [[r.DOF.Gather.EnableBokehSettings:0       ; no bokeh simulation when gathering]]
[2021.01.29-13.29.14:781][  0]LogConfig: Setting CVar [[r.DOF.Gather.RingCount:4                 ; medium number of samples when gathering]]
[2021.01.29-13.29.14:781][  0]LogConfig: Setting CVar [[r.DOF.Scatter.ForegroundCompositing:1    ; additive foreground scattering]]
[2021.01.29-13.29.14:781][  0]LogConfig: Setting CVar [[r.DOF.Scatter.BackgroundCompositing:2    ; additive background scattering]]
[2021.01.29-13.29.14:781][  0]LogConfig: Setting CVar [[r.DOF.Scatter.EnableBokehSettings:1      ; bokeh simulation when scattering]]
[2021.01.29-13.29.14:781][  0]LogConfig: Setting CVar [[r.DOF.Scatter.MaxSpriteRatio:0.1         ; only a maximum of 10% of scattered bokeh]]
[2021.01.29-13.29.14:781][  0]LogConfig: Setting CVar [[r.DOF.Recombine.Quality:1                ; cheap slight out of focus]]
[2021.01.29-13.29.14:781][  0]LogConfig: Setting CVar [[r.DOF.Recombine.EnableBokehSettings:0    ; no bokeh simulation on slight out of focus]]
[2021.01.29-13.29.14:781][  0]LogConfig: Setting CVar [[r.DOF.TemporalAAQuality:1                ; more stable temporal accumulation]]
[2021.01.29-13.29.14:781][  0]LogConfig: Setting CVar [[r.DOF.Kernel.MaxForegroundRadius:0.025]]
[2021.01.29-13.29.14:781][  0]LogConfig: Setting CVar [[r.DOF.Kernel.MaxBackgroundRadius:0.025]]
[2021.01.29-13.29.14:781][  0]LogConfig: Applying CVar settings from Section [TextureQuality@3] File [D:/Unity Projects/Radisa/Saved/Config/Windows/Scalability.ini]
[2021.01.29-13.29.14:781][  0]LogConfig: Setting CVar [[r.Streaming.MipBias:0]]
[2021.01.29-13.29.14:781][  0]LogConfig: Setting CVar [[r.Streaming.AmortizeCPUToGPUCopy:0]]
[2021.01.29-13.29.14:781][  0]LogConfig: Setting CVar [[r.Streaming.MaxNumTexturesToStreamPerFrame:0]]
[2021.01.29-13.29.14:781][  0]LogConfig: Setting CVar [[r.Streaming.Boost:1]]
[2021.01.29-13.29.14:781][  0]LogConfig: Setting CVar [[r.MaxAnisotropy:8]]
[2021.01.29-13.29.14:781][  0]LogConfig: Setting CVar [[r.VT.MaxAnisotropy:8]]
[2021.01.29-13.29.14:781][  0]LogConfig: Setting CVar [[r.Streaming.LimitPoolSizeToVRAM:0]]
[2021.01.29-13.29.14:781][  0]LogConfig: Setting CVar [[r.Streaming.PoolSize:1000]]
[2021.01.29-13.29.14:781][  0]LogConfig: Setting CVar [[r.Streaming.MaxEffectiveScreenSize:0]]
[2021.01.29-13.29.14:781][  0]LogConfig: Applying CVar settings from Section [EffectsQuality@3] File [D:/Unity Projects/Radisa/Saved/Config/Windows/Scalability.ini]
[2021.01.29-13.29.14:781][  0]LogConfig: Setting CVar [[r.TranslucencyLightingVolumeDim:64]]
[2021.01.29-13.29.14:781][  0]LogConfig: Setting CVar [[r.RefractionQuality:2]]
[2021.01.29-13.29.14:781][  0]LogConfig: Setting CVar [[r.SSR.Quality:3]]
[2021.01.29-13.29.14:781][  0]LogConfig: Setting CVar [[r.SSR.HalfResSceneColor:0]]
[2021.01.29-13.29.14:781][  0]LogConfig: Setting CVar [[r.SceneColorFormat:4]]
[2021.01.29-13.29.14:781][  0]LogConfig: Setting CVar [[r.DetailMode:2]]
[2021.01.29-13.29.14:781][  0]LogConfig: Setting CVar [[r.TranslucencyVolumeBlur:1]]
[2021.01.29-13.29.14:781][  0]LogConfig: Setting CVar [[r.MaterialQualityLevel:1 ; High quality]]
[2021.01.29-13.29.14:781][  0]LogConfig: Setting CVar [[r.SSS.Scale:1]]
[2021.01.29-13.29.14:781][  0]LogConfig: Setting CVar [[r.SSS.SampleSet:2]]
[2021.01.29-13.29.14:781][  0]LogConfig: Setting CVar [[r.SSS.Quality:1]]
[2021.01.29-13.29.14:781][  0]LogConfig: Setting CVar [[r.SSS.HalfRes:0]]
[2021.01.29-13.29.14:781][  0]LogConfig: Setting CVar [[r.SSGI.Quality:3]]
[2021.01.29-13.29.14:781][  0]LogConfig: Setting CVar [[r.EmitterSpawnRateScale:1.0]]
[2021.01.29-13.29.14:781][  0]LogConfig: Setting CVar [[r.ParticleLightQuality:2]]
[2021.01.29-13.29.14:781][  0]LogConfig: Setting CVar [[r.SkyAtmosphere.AerialPerspectiveLUT.FastApplyOnOpaque:1 ; Always have FastSkyLUT 1 in this case to avoid wrong sky]]
[2021.01.29-13.29.14:781][  0]LogConfig: Setting CVar [[r.SkyAtmosphere.AerialPerspectiveLUT.SampleCountPerSlice:1]]
[2021.01.29-13.29.14:781][  0]LogConfig: Setting CVar [[r.SkyAtmosphere.AerialPerspectiveLUT.DepthResolution:16.0]]
[2021.01.29-13.29.14:781][  0]LogConfig: Setting CVar [[r.SkyAtmosphere.FastSkyLUT:1]]
[2021.01.29-13.29.14:781][  0]LogConfig: Setting CVar [[r.SkyAtmosphere.FastSkyLUT.SampleCountMin:4.0]]
[2021.01.29-13.29.14:781][  0]LogConfig: Setting CVar [[r.SkyAtmosphere.FastSkyLUT.SampleCountMax:32.0]]
[2021.01.29-13.29.14:781][  0]LogConfig: Setting CVar [[r.SkyAtmosphere.SampleCountMin:4.0]]
[2021.01.29-13.29.14:781][  0]LogConfig: Setting CVar [[r.SkyAtmosphere.SampleCountMax:32.0]]
[2021.01.29-13.29.14:781][  0]LogConfig: Setting CVar [[r.SkyAtmosphere.TransmittanceLUT.UseSmallFormat:0]]
[2021.01.29-13.29.14:781][  0]LogConfig: Setting CVar [[r.SkyAtmosphere.TransmittanceLUT.SampleCount:10.0]]
[2021.01.29-13.29.14:781][  0]LogConfig: Setting CVar [[r.SkyAtmosphere.MultiScatteringLUT.SampleCount:15.0]]
[2021.01.29-13.29.14:782][  0]LogConfig: Applying CVar settings from Section [FoliageQuality@3] File [D:/Unity Projects/Radisa/Saved/Config/Windows/Scalability.ini]
[2021.01.29-13.29.14:782][  0]LogConfig: Setting CVar [[foliage.DensityScale:1.0]]
[2021.01.29-13.29.14:782][  0]LogConfig: Setting CVar [[grass.DensityScale:1.0]]
[2021.01.29-13.29.14:782][  0]LogConfig: Applying CVar settings from Section [ShadingQuality@3] File [D:/Unity Projects/Radisa/Saved/Config/Windows/Scalability.ini]
[2021.01.29-13.29.14:782][  0]LogConfig: Setting CVar [[r.HairStrands.SkyLighting.SampleCount:16]]
[2021.01.29-13.29.14:782][  0]LogConfig: Setting CVar [[r.HairStrands.SkyLighting.JitterIntegration:0]]
[2021.01.29-13.29.14:782][  0]LogConfig: Setting CVar [[r.HairStrands.SkyAO.SampleCount:16]]
[2021.01.29-13.29.14:782][  0]LogConfig: Setting CVar [[r.HairStrands.DeepShadow.SuperSampling:0]]
[2021.01.29-13.29.14:782][  0]LogConfig: Setting CVar [[r.HairStrands.VisibilityPPLL:0]]
[2021.01.29-13.29.14:782][  0]LogConfig: Setting CVar [[r.HairStrands.RasterizationScale:0.5]]
[2021.01.29-13.29.14:782][  0]LogConfig: Setting CVar [[r.HairStrands.VelocityRasterizationScale:1]]
[2021.01.29-13.29.14:782][  0]LogConfig: Applying CVar settings from Section [Startup] File [../../../Engine/Config/ConsoleVariables.ini]
[2021.01.29-13.29.14:782][  0]LogConfig: Setting CVar [[net.UseAdaptiveNetUpdateFrequency:0]]
[2021.01.29-13.29.14:782][  0]LogConfig: Setting CVar [[p.chaos.AllowCreatePhysxBodies:1]]
[2021.01.29-13.29.14:782][  0]LogConfig: Setting CVar [[fx.SkipVectorVMBackendOptimizations:1]]
[2021.01.29-13.29.14:782][  0]LogConfig: Applying CVar settings from Section [ConsoleVariables] File [D:/Unity Projects/Radisa/Saved/Config/Windows/Engine.ini]
[2021.01.29-13.29.14:782][  0]LogInit: Computer: DESKTOP-I9DL5R3
[2021.01.29-13.29.14:782][  0]LogInit: User: WIN10
[2021.01.29-13.29.14:782][  0]LogInit: CPU Page size=4096, Cores=4
[2021.01.29-13.29.14:782][  0]LogInit: High frequency timer resolution =10.000000 MHz
[2021.01.29-13.29.14:782][  0]LogMemory: Memory total: Physical=15.9GB (16GB approx)
[2021.01.29-13.29.14:782][  0]LogMemory: Platform Memory Stats for Windows
[2021.01.29-13.29.14:782][  0]LogMemory: Process Physical Memory: 118.86 MB used, 118.86 MB peak
[2021.01.29-13.29.14:782][  0]LogMemory: Process Virtual Memory: 96.05 MB used, 96.05 MB peak
[2021.01.29-13.29.14:782][  0]LogMemory: Physical Memory: 6184.94 MB used,  10147.43 MB free, 16332.37 MB total
[2021.01.29-13.29.14:782][  0]LogMemory: Virtual Memory: 5145.43 MB used,  134212584.00 MB free, 134217728.00 MB total
[2021.01.29-13.29.14:788][  0]LogWindows: WindowsPlatformFeatures enabled
[2021.01.29-13.29.14:834][  0]LogInit: Physics initialised using underlying interface: PhysX
[2021.01.29-13.29.14:834][  0]LogInit: Using OS detected language (en-US).
[2021.01.29-13.29.14:835][  0]LogInit: Using OS detected locale (en-US).
[2021.01.29-13.29.14:836][  0]LogTextLocalizationManager: No specific localization for 'en-US' exists, so the 'en' localization will be used.
[2021.01.29-13.29.15:005][  0]LogInit: Setting process to per monitor DPI aware
[2021.01.29-13.29.15:040][  0]LogSlate: New Slate User Created.  User Index 0, Is Virtual User: 0
[2021.01.29-13.29.15:040][  0]LogSlate: Slate User Registered.  User Index 0, Is Virtual User: 0
[2021.01.29-13.29.15:196][  0]LogHMD: Failed to initialize OpenVR with code 110
[2021.01.29-13.29.15:197][  0]LogD3D11RHI: D3D11 min allowed feature level: 11_0
[2021.01.29-13.29.15:197][  0]LogD3D11RHI: D3D11 max allowed feature level: 11_0
[2021.01.29-13.29.15:197][  0]LogD3D11RHI: D3D11 adapters:
[2021.01.29-13.29.15:312][  0]LogD3D11RHI:    0. 'NVIDIA GeForce GTX 1650' (Feature Level 11_0)
[2021.01.29-13.29.15:312][  0]LogD3D11RHI:       3962/0/8166 MB DedicatedVideo/DedicatedSystem/SharedSystem, Outputs:2, VendorId:0x10de
[2021.01.29-13.29.15:314][  0]LogD3D11RHI:    1. 'Microsoft Basic Render Driver' (Feature Level 11_0)
[2021.01.29-13.29.15:314][  0]LogD3D11RHI:       0/0/8166 MB DedicatedVideo/DedicatedSystem/SharedSystem, Outputs:0, VendorId:0x1414
[2021.01.29-13.29.15:314][  0]LogD3D11RHI: Chosen D3D11 Adapter: 0
[2021.01.29-13.29.15:319][  0]LogD3D11RHI: Creating new Direct3DDevice
[2021.01.29-13.29.15:319][  0]LogD3D11RHI:     GPU DeviceId: 0x1f82 (for the marketing name, search the web for "GPU Device Id")
[2021.01.29-13.29.15:319][  0]LogWindows: EnumDisplayDevices:
[2021.01.29-13.29.15:319][  0]LogWindows:    0. 'NVIDIA GeForce GTX 1650' (P:1 D:1)
[2021.01.29-13.29.15:319][  0]LogWindows:    1. 'NVIDIA GeForce GTX 1650' (P:0 D:1)
[2021.01.29-13.29.15:320][  0]LogWindows:    2. 'NVIDIA GeForce GTX 1650' (P:0 D:0)
[2021.01.29-13.29.15:320][  0]LogWindows:    3. 'NVIDIA GeForce GTX 1650' (P:0 D:0)
[2021.01.29-13.29.15:321][  0]LogWindows: DebugString: FoundDriverCount:4 
[2021.01.29-13.29.15:321][  0]LogD3D11RHI:     Adapter Name: NVIDIA GeForce GTX 1650
[2021.01.29-13.29.15:321][  0]LogD3D11RHI:   Driver Version: 461.40 (internal:27.21.14.6140, unified:461.40)
[2021.01.29-13.29.15:321][  0]LogD3D11RHI:      Driver Date: 1-22-2021
[2021.01.29-13.29.15:321][  0]LogRHI: Texture pool is 2773 MB (70% of 3962 MB)
[2021.01.29-13.29.15:414][  0]LogD3D11RHI: RHI has support for 64 bit atomics
[2021.01.29-13.29.15:414][  0]LogD3D11RHI: Async texture creation enabled
[2021.01.29-13.29.15:414][  0]LogD3D11RHI: Array index from any shader is supported
[2021.01.29-13.29.15:434][  0]LogD3D11RHI: GPU Timing Frequency: 1000.000000 (Debug: 2 1)
[2021.01.29-13.29.15:710][  0]LogTargetPlatformManager: Display: Loaded TargetPlatform 'AllDesktop'
[2021.01.29-13.29.15:732][  0]LogTargetPlatformManager: Display: Loaded TargetPlatform 'Android'
[2021.01.29-13.29.15:732][  0]LogTargetPlatformManager: Display: Loaded TargetPlatform 'Android_ASTC'
[2021.01.29-13.29.15:732][  0]LogTargetPlatformManager: Display: Loaded TargetPlatform 'Android_DXT'
[2021.01.29-13.29.15:732][  0]LogTargetPlatformManager: Display: Loaded TargetPlatform 'Android_ETC2'
[2021.01.29-13.29.15:732][  0]LogTargetPlatformManager: Display: Loaded TargetPlatform 'AndroidClient'
[2021.01.29-13.29.15:732][  0]LogTargetPlatformManager: Display: Loaded TargetPlatform 'Android_ASTCClient'
[2021.01.29-13.29.15:732][  0]LogTargetPlatformManager: Display: Loaded TargetPlatform 'Android_DXTClient'
[2021.01.29-13.29.15:733][  0]LogTargetPlatformManager: Display: Loaded TargetPlatform 'Android_ETC2Client'
[2021.01.29-13.29.15:733][  0]LogTargetPlatformManager: Display: Loaded TargetPlatform 'Android_Multi'
[2021.01.29-13.29.15:733][  0]LogTargetPlatformManager: Display: Loaded TargetPlatform 'Android_MultiClient'
[2021.01.29-13.29.15:759][  0]LogTargetPlatformManager: Display: Loaded TargetPlatform 'IOSClient'
[2021.01.29-13.29.15:759][  0]LogTargetPlatformManager: Display: Loaded TargetPlatform 'IOS'
[2021.01.29-13.29.15:769][  0]LogTargetPlatformManager: Display: Loaded TargetPlatform 'Linux'
[2021.01.29-13.29.15:778][  0]LogTargetPlatformManager: Display: Loaded TargetPlatform 'LinuxNoEditor'
[2021.01.29-13.29.15:787][  0]LogTargetPlatformManager: Display: Loaded TargetPlatform 'LinuxClient'
[2021.01.29-13.29.15:797][  0]LogTargetPlatformManager: Display: Loaded TargetPlatform 'LinuxServer'
[2021.01.29-13.29.15:806][  0]LogTargetPlatformManager: Display: Loaded TargetPlatform 'LinuxAArch64NoEditor'
[2021.01.29-13.29.15:815][  0]LogTargetPlatformManager: Display: Loaded TargetPlatform 'LinuxAArch64Client'
[2021.01.29-13.29.15:824][  0]LogTargetPlatformManager: Display: Loaded TargetPlatform 'LinuxAArch64Server'
[2021.01.29-13.29.15:852][  0]LogTargetPlatformManager: Display: Loaded TargetPlatform 'Lumin'
[2021.01.29-13.29.15:852][  0]LogTargetPlatformManager: Display: Loaded TargetPlatform 'LuminClient'
[2021.01.29-13.29.15:869][  0]LogTargetPlatformManager: Display: Loaded TargetPlatform 'TVOSClient'
[2021.01.29-13.29.15:869][  0]LogTargetPlatformManager: Display: Loaded TargetPlatform 'TVOS'
[2021.01.29-13.29.15:879][  0]LogTargetPlatformManager: Display: Loaded TargetPlatform 'WindowsNoEditor'
[2021.01.29-13.29.15:889][  0]LogTargetPlatformManager: Display: Loaded TargetPlatform 'Windows'
[2021.01.29-13.29.15:898][  0]LogTargetPlatformManager: Display: Loaded TargetPlatform 'WindowsClient'
[2021.01.29-13.29.15:908][  0]LogTargetPlatformManager: Display: Loaded TargetPlatform 'WindowsServer'
[2021.01.29-13.29.15:908][  0]LogTargetPlatformManager: Display: Building Assets For Windows
[2021.01.29-13.29.15:916][  0]LogAudioDebug: Display: Lib vorbis DLL was dynamically loaded.
[2021.01.29-13.29.15:971][  0]LogShaderCompilers: Guid format shader working directory is 10 characters bigger than the processId version (../../../../../Unity Projects/Radisa/Intermediate/Shaders/WorkingDirectory/17240/).
[2021.01.29-13.29.15:971][  0]LogShaderCompilers: Cleaned the shader compiler working directory 'C:/Users/WIN 10/AppData/Local/Temp/UnrealShaderWorkingDir/A44D55CB493EE6F2CE50AEAFAE7DDD4A/'.
[2021.01.29-13.29.15:972][  0]LogXGEController: Cannot use XGE Controller as Incredibuild is not installed on this machine.
[2021.01.29-13.29.15:972][  0]LogShaderCompilers: Cannot use XGE Shader Compiler as Incredibuild is not installed on this machine.
[2021.01.29-13.29.15:972][  0]LogShaderCompilers: Display: Using Local Shader Compiler.
[2021.01.29-13.29.16:716][  0]LogDerivedDataCache: Display: Max Cache Size: 512 MB
[2021.01.29-13.29.16:755][  0]LogDerivedDataCache: Loaded boot cache 0.04s 76MB C:/Users/WIN 10/AppData/Local/UnrealEngine/4.25/DerivedDataCache/Boot.ddc.
[2021.01.29-13.29.16:755][  0]LogDerivedDataCache: Display: Loaded Boot cache: C:/Users/WIN 10/AppData/Local/UnrealEngine/4.25/DerivedDataCache/Boot.ddc
[2021.01.29-13.29.16:755][  0]LogDerivedDataCache: FDerivedDataBackendGraph:  Pak pak cache file ../../../../../Unity Projects/Radisa/DerivedDataCache/DDC.ddp not found, will not use a pak cache.
[2021.01.29-13.29.16:755][  0]LogDerivedDataCache: Unable to find inner node Pak for hierarchical cache Hierarchy.
[2021.01.29-13.29.16:755][  0]LogDerivedDataCache: FDerivedDataBackendGraph:  CompressedPak pak cache file ../../../../../Unity Projects/Radisa/DerivedDataCache/Compressed.ddp not found, will not use a pak cache.
[2021.01.29-13.29.16:755][  0]LogDerivedDataCache: Unable to find inner node CompressedPak for hierarchical cache Hierarchy.
[2021.01.29-13.29.16:766][  0]LogDerivedDataCache: Display: Pak cache opened for reading ../../../Engine/DerivedDataCache/Compressed.ddp.
[2021.01.29-13.29.16:766][  0]LogDerivedDataCache: FDerivedDataBackendGraph:  EnterprisePak pak cache file ../../../Enterprise/DerivedDataCache/Compressed.ddp not found, will not use a pak cache.
[2021.01.29-13.29.16:766][  0]LogDerivedDataCache: Unable to find inner node EnterprisePak for hierarchical cache Hierarchy.
[2021.01.29-13.29.16:767][  0]LogDerivedDataCache: Using Local data cache path C:/Users/WIN 10/AppData/Local/UnrealEngine/Common/DerivedDataCache: Writable
[2021.01.29-13.29.16:767][  0]LogDerivedDataCache: Shared data cache path not found in *engine.ini, will not use an Shared cache.
[2021.01.29-13.29.16:767][  0]LogDerivedDataCache: Unable to find inner node Shared for hierarchical cache Hierarchy.
[2021.01.29-13.29.16:817][  0]LogSlate: Using FreeType 2.10.0
[2021.01.29-13.29.16:818][  0]LogSlate: SlateFontServices - WITH_FREETYPE: 1, WITH_HARFBUZZ: 1
[2021.01.29-13.29.16:839][  0]LogAssetRegistry: FAssetRegistry took 0.0023 seconds to start up
[2021.01.29-13.29.17:075][  0]LogInit: Selected Device Profile: [Windows]
[2021.01.29-13.29.17:176][  0]LogMeshReduction: Using QuadricMeshReduction for automatic static mesh reduction
[2021.01.29-13.29.17:176][  0]LogMeshReduction: Using SimplygonMeshReduction for automatic skeletal mesh reduction
[2021.01.29-13.29.17:176][  0]LogMeshReduction: Using ProxyLODMeshReduction for automatic mesh merging
[2021.01.29-13.29.17:176][  0]LogMeshReduction: No distributed automatic mesh merging module available
[2021.01.29-13.29.17:176][  0]LogMeshMerging: No distributed automatic mesh merging module available
[2021.01.29-13.29.17:192][  0]LogNetVersion: MyProject2 1.0.0, NetCL: 13144385, EngineNetVer: 14, GameNetVer: 0 (Checksum: 2431794755)
[2021.01.29-13.29.17:578][  0]LogAISub: UAISubsystem::UAISubsystem AISubsystem (000002276D31DD00), frame # 0
[2021.01.29-13.29.17:578][  0]LogAISub: UAISubsystem::UAISubsystem AIPerceptionSystem (000002276D27EAC0), frame # 0
[2021.01.29-13.29.17:580][  0]LogAISub: UAISubsystem::UAISubsystem EnvQueryManager (000002276D2EC800), frame # 0
[2021.01.29-13.29.17:654][  0]LogPackageLocalizationCache: Processed 19 localized package path(s) for 1 prioritized culture(s) in 0.066174 seconds
[2021.01.29-13.29.17:658][  0]LogUObjectArray: 15917 objects as part of root set at end of initial load.
[2021.01.29-13.29.17:658][  0]LogUObjectAllocator: 3965568 out of 0 bytes used by permanent object pool.
[2021.01.29-13.29.17:658][  0]LogUObjectArray: CloseDisregardForGC: 0/0 objects in disregard for GC pool
[2021.01.29-13.29.17:978][  0]LogTcpMessaging: Initializing TcpMessaging bridge
[2021.01.29-13.29.17:983][  0]LogUdpMessaging: Initializing bridge on interface 0.0.0.0:0 to multicast group 230.0.0.1:6666.
[2021.01.29-13.29.18:061][  0]SourceControl: Source control is disabled
[2021.01.29-13.29.18:061][  0]SourceControl: Source control is disabled
[2021.01.29-13.29.18:064][  0]SourceControl: Source control is disabled
[2021.01.29-13.29.18:067][  0]SourceControl: Source control is disabled
[2021.01.29-13.29.18:074][  0]SourceControl: Source control is disabled
[2021.01.29-13.29.18:299][  0]LogAndroidPermission: UAndroidPermissionCallbackProxy::GetInstance
[2021.01.29-13.29.18:321][  0]LogAudioCaptureCore: Display: No Audio Capture implementations found. Audio input will be silent.
[2021.01.29-13.29.18:321][  0]LogAudioCaptureCore: Display: No Audio Capture implementations found. Audio input will be silent.
[2021.01.29-13.29.18:370][  0]LogOcInput: OculusInput pre-init called
[2021.01.29-13.29.18:380][  0]LogWindows: Failed to load 'OVRPlugin.dll' (GetLastError=126)
[2021.01.29-13.29.18:380][  0]LogWindows: File 'OVRPlugin.dll' does not exist
[2021.01.29-13.29.18:442][  0]LogEngine: Initializing Engine...
[2021.01.29-13.29.18:443][  0]LogHMD: Failed to initialize OpenVR with code 110
[2021.01.29-13.29.18:443][  0]LogMagicLeap: Warning: VR disabled because ZI is not enabled.  To enable, in the editor, Edit -> Project Settings -> Plugins -> Magic Leap Plugin -> Enable Zero Iteration
[2021.01.29-13.29.18:443][  0]LogStats: UGameplayTagsManager::InitializeManager -  0.000 s
[2021.01.29-13.29.18:554][  0]LogInit: Initializing FReadOnlyCVARCache
[2021.01.29-13.29.18:563][  0]LogAIModule: Creating AISystem for world Untitled
[2021.01.29-13.29.18:563][  0]LogAISub: UAISubsystem::UAISubsystem EnvQueryManager (0000022770095C00), frame # 0
[2021.01.29-13.29.18:563][  0]LogAISub: UAISubsystem::UAISubsystem AIPerceptionSystem (00000227700B2D40), frame # 0
[2021.01.29-13.29.18:570][  0]LogAudioMixer: Display: Audio Mixer Platform Settings:
[2021.01.29-13.29.18:570][  0]LogAudioMixer: Display: 	Sample Rate:						  48000
[2021.01.29-13.29.18:570][  0]LogAudioMixer: Display: 	Callback Buffer Frame Size Requested: 1024
[2021.01.29-13.29.18:570][  0]LogAudioMixer: Display: 	Callback Buffer Frame Size To Use:	  1024
[2021.01.29-13.29.18:570][  0]LogAudioMixer: Display: 	Number of buffers to queue:			  2
[2021.01.29-13.29.18:570][  0]LogAudioMixer: Display: 	Max Channels (voices):				  32
[2021.01.29-13.29.18:570][  0]LogAudioMixer: Display: 	Number of Async Source Workers:		  0
[2021.01.29-13.29.18:570][  0]LogAudio: Display: AudioDevice MaxSources: 32
[2021.01.29-13.29.18:571][  0]LogAudio: Display: Using built-in audio occlusion.
[2021.01.29-13.29.18:571][  0]LogAudioMixer: Display: Initializing audio mixer.
[2021.01.29-13.29.18:579][  0]LogAudioMixer: Display: 0: FrontLeft
[2021.01.29-13.29.18:579][  0]LogAudioMixer: Display: 1: FrontRight
[2021.01.29-13.29.18:614][  0]LogAudioMixer: Display: Using Audio Device Realtek HD Audio 2nd output (Realtek(R) Audio)
[2021.01.29-13.29.18:615][  0]LogAudioMixer: Display: Initializing Sound Submixes...
[2021.01.29-13.29.18:617][  0]LogAudioMixer: Display: Creating Master Submix 'MasterSubmixDefault'
[2021.01.29-13.29.18:617][  0]LogAudioMixer: Display: Creating Master Submix 'MasterReverbSubmixDefault'
[2021.01.29-13.29.18:618][  0]LogAudioMixer: Display: Creating Master Submix 'MasterEQSubmixDefault'
[2021.01.29-13.29.18:619][  0]LogInit: FAudioDevice initialized.
[2021.01.29-13.29.18:619][  0]LogNetVersion: Set ProjectVersion to 1.0.0.0. Version Checksum will be recalculated on next use.
[2021.01.29-13.29.18:858][  0]LogDerivedDataCache: Saved boot cache 0.24s 76MB C:/Users/WIN 10/AppData/Local/UnrealEngine/4.25/DerivedDataCache/Boot.ddc.
[2021.01.29-13.29.18:863][  0]LogInit: Texture streaming: Enabled
[2021.01.29-13.29.18:878][  0]LogEngineSessionManager: EngineSessionManager initialized
[2021.01.29-13.29.18:878][  0]LogEditorSessionSummary: Verbose: Initializing EditorSessionSummaryWriter for editor session tracking
[2021.01.29-13.29.18:879][  0]LogEditorSessionSummary: EditorSessionSummaryWriter initialized
[2021.01.29-13.29.18:938][  0]LogInit: Transaction tracking system initialized
[2021.01.29-13.29.18:958][  0]BlueprintLog: New page: Editor Load
[2021.01.29-13.29.19:024][  0]LocalizationService: Localization service is disabled
[2021.01.29-13.29.19:173][  0]LogCook: Display: Max memory allowance for cook 16384mb min free memory 0mb
[2021.01.29-13.29.19:173][  0]LogCook: Display: Mobile HDR setting 1
[2021.01.29-13.29.19:301][  0]LogFileCache: Scanning file cache for directory 'D:/Unity Projects/Radisa/Content/' took 0.01s
[2021.01.29-13.29.19:486][  0]SourceControl: Source control is disabled
[2021.01.29-13.29.19:486][  0]LogUnrealEdMisc: Loading editor; pre map load, took 5.974
[2021.01.29-13.29.19:486][  0]Cmd: MAP LOAD FILE="../../../../../Unity Projects/Radisa/Content/ThirdPersonBP/Maps/ThirdPersonExampleMap.umap" TEMPLATE=0 SHOWPROGRESS=1 FEATURELEVEL=3
[2021.01.29-13.29.19:492][  0]LightingResults: New page: Lighting Build
[2021.01.29-13.29.19:492][  0]LogWorld: UWorld::CleanupWorld for Untitled, bSessionEnded=true, bCleanupResources=true
[2021.01.29-13.29.19:493][  0]LogSlate: InvalidateAllWidgets triggered.  All widgets were invalidated
[2021.01.29-13.29.19:493][  0]MapCheck: New page: Map Check
[2021.01.29-13.29.19:493][  0]LightingResults: New page: Lighting Build
[2021.01.29-13.29.19:501][  0]LogAISub: UAISubsystem::~UAISubsystem EnvQueryManager (0000022770095C00), frame # 0
[2021.01.29-13.29.19:501][  0]LogAISub: UAISubsystem::~UAISubsystem AIPerceptionSystem (00000227700B2D40), frame # 0
[2021.01.29-13.29.19:502][  0]LogUObjectHash: Compacting FUObjectHashTables data took   0.99ms
[2021.01.29-13.29.20:043][  0]LogAIModule: Creating AISystem for world ThirdPersonExampleMap
[2021.01.29-13.29.20:043][  0]LogAISub: UAISubsystem::UAISubsystem EnvQueryManager (0000022700B38800), frame # 0
[2021.01.29-13.29.20:043][  0]LogAISub: UAISubsystem::UAISubsystem AIPerceptionSystem (0000022700A1FB00), frame # 0
[2021.01.29-13.29.20:050][  0]LogEditorServer: Finished looking for orphan Actors (0.000 secs)
[2021.01.29-13.29.20:062][  0]LogUObjectHash: Compacting FUObjectHashTables data took   1.04ms
[2021.01.29-13.29.20:062][  0]Cmd: MAP CHECKDEP NOCLEARLOG
[2021.01.29-13.29.20:062][  0]MapCheck: Map check complete: 0 Error(s), 0 Warning(s), took 0.112ms to complete.
[2021.01.29-13.29.20:062][  0]LogFileHelpers: Loading map 'ThirdPersonExampleMap' took 0.576
[2021.01.29-13.29.20:064][  0]LogUnrealEdMisc: Total Editor Startup Time, took 6.552
[2021.01.29-13.29.20:187][  0]LogSlate: Updating window title bar state: overlay mode, drag disabled, window buttons hidden, title bar hidden
[2021.01.29-13.29.20:196][  0]LogSlate: Updating window title bar state: overlay mode, drag disabled, window buttons hidden, title bar hidden
[2021.01.29-13.29.20:203][  0]LogSlate: Updating window title bar state: overlay mode, drag disabled, window buttons hidden, title bar hidden
[2021.01.29-13.29.20:210][  0]LogSlate: Updating window title bar state: overlay mode, drag disabled, window buttons hidden, title bar hidden
[2021.01.29-13.29.20:216][  0]LogCollectionManager: Loaded 0 collections in 0.000805 seconds
[2021.01.29-13.29.20:230][  0]LogFileCache: Scanning file cache for directory 'D:/Unity Projects/Radisa/Saved/Collections/' took 0.00s
[2021.01.29-13.29.20:230][  0]LogFileCache: Scanning file cache for directory 'D:/Unity Projects/Radisa/Content/Developers/WIN10/Collections/' took 0.00s
[2021.01.29-13.29.20:230][  0]LogFileCache: Scanning file cache for directory 'D:/Unity Projects/Radisa/Content/Collections/' took 0.00s
[2021.01.29-13.29.20:230][  0]LogContentBrowser: Native class hierarchy populated in 0.0098 seconds. Added 3427 classes and 821 folders.
[2021.01.29-13.29.20:233][  0]LogContentBrowser: Native class hierarchy updated for 'WidgetCarousel' in 0.0003 seconds. Added 0 classes and 0 folders.
[2021.01.29-13.29.20:860][  0]LogContentBrowser: Native class hierarchy updated for 'AddContentDialog' in 0.0003 seconds. Added 0 classes and 0 folders.
[2021.01.29-13.29.20:861][  0]LogContentBrowser: Native class hierarchy updated for 'SceneOutliner' in 0.0003 seconds. Added 2 classes and 0 folders.
[2021.01.29-13.29.21:510][  0]LogSlate: Took 0.000135 seconds to synchronously load lazily loaded font '../../../Engine/Content/Slate/Fonts/Roboto-Regular.ttf' (155K)
[2021.01.29-13.29.21:512][  0]LogSlate: Took 0.000159 seconds to synchronously load lazily loaded font '../../../Engine/Content/Slate/Fonts/Roboto-Bold.ttf' (160K)
[2021.01.29-13.29.21:526][  0]LogSlate: Took 0.007157 seconds to synchronously load lazily loaded font '../../../Engine/Content/Editor/Slate/Fonts/FontAwesome.ttf' (139K)
[2021.01.29-13.29.21:618][  0]LogRenderer: Reallocating scene render targets to support 1208x604 Format 10 NumSamples 1 (Frame:1).
[2021.01.29-13.29.21:982][  0]LogContentBrowser: Native class hierarchy updated for 'HierarchicalLODOutliner' in 0.0003 seconds. Added 0 classes and 0 folders.
[2021.01.29-13.29.21:982][  0]LogLoad: (Engine Initialization) Total time: 8.47 seconds
[2021.01.29-13.29.21:982][  0]LogLoad: (Engine Initialization) Total Blueprint compile time: 0.00 seconds
[2021.01.29-13.29.22:077][  0]LogContentStreaming: Texture pool size now 1000 MB
[2021.01.29-13.29.22:124][  0]LogSlate: Took 0.008259 seconds to synchronously load lazily loaded font '../../../Engine/Content/Slate/Fonts/Roboto-Light.ttf' (167K)
[2021.01.29-13.29.22:149][  1]LogAssetRegistry: Asset discovery search completed in 5.3107 seconds
[2021.01.29-13.29.22:154][  1]LogCollectionManager: Fixed up redirectors for 0 collections in 0.000002 seconds (updated 0 objects)
[2021.01.29-13.29.31:198][731]LogSlate: Took 0.000135 seconds to synchronously load lazily loaded font '../../../Engine/Content/Slate/Fonts/Roboto-Light.ttf' (167K)
[2021.01.29-13.29.31:479][731]LogAssetEditorSubsystem: Opening Asset editor for World /Game/ThirdPersonBP/Maps/World.World
[2021.01.29-13.29.31:488][731]LogUObjectHash: Compacting FUObjectHashTables data took   0.74ms
[2021.01.29-13.29.31:489][731]Cmd: MAP LOAD FILE="../../../../../Unity Projects/Radisa/Content/ThirdPersonBP/Maps/World.umap" TEMPLATE=0 SHOWPROGRESS=1 FEATURELEVEL=3
[2021.01.29-13.29.31:489][731]LightingResults: New page: Lighting Build
[2021.01.29-13.29.31:489][731]LoadErrors: New page: Loading map: World.umap
[2021.01.29-13.29.31:528][731]LogWorld: UWorld::CleanupWorld for ThirdPersonExampleMap, bSessionEnded=true, bCleanupResources=true
[2021.01.29-13.29.31:528][731]LogSlate: InvalidateAllWidgets triggered.  All widgets were invalidated
[2021.01.29-13.29.31:528][731]MapCheck: New page: Map Check
[2021.01.29-13.29.31:528][731]LightingResults: New page: Lighting Build
[2021.01.29-13.29.31:537][731]LogAISub: UAISubsystem::~UAISubsystem EnvQueryManager (0000022700B38800), frame # 731
[2021.01.29-13.29.31:537][731]LogAISub: UAISubsystem::~UAISubsystem AIPerceptionSystem (0000022700A1FB00), frame # 731
[2021.01.29-13.29.31:538][731]LogUObjectHash: Compacting FUObjectHashTables data took   0.78ms
[2021.01.29-13.29.31:570][731]LogEditorServer: Finished looking for orphan Actors (0.000 secs)
[2021.01.29-13.29.31:570][731]LogAIModule: Creating AISystem for world World
[2021.01.29-13.29.31:570][731]LogAISub: UAISubsystem::UAISubsystem EnvQueryManager (0000022700D1A800), frame # 731
[2021.01.29-13.29.31:570][731]LogAISub: UAISubsystem::UAISubsystem AIPerceptionSystem (00000227130C8900), frame # 731
[2021.01.29-13.29.31:587][731]LogUObjectHash: Compacting FUObjectHashTables data took   1.18ms
[2021.01.29-13.29.31:631][731]Cmd: MAP CHECKDEP NOCLEARLOG
[2021.01.29-13.29.31:631][731]MapCheck: Map check complete: 0 Error(s), 0 Warning(s), took 0.09ms to complete.
[2021.01.29-13.29.31:631][731]LogFileHelpers: Loading map 'World' took 0.142
[2021.01.29-13.29.35:629][162]LogTemp: Repeating last play command: Selected Viewport
[2021.01.29-13.29.35:647][162]LogPlayLevel: PlayLevel: No blueprints needed recompiling
[2021.01.29-13.29.35:647][162]PIE: New page: PIE session: World (Jan 29, 2021, 3:29:35 PM)
[2021.01.29-13.29.35:648][162]LogOnline: OSS: Creating online subsystem instance for: NULL
[2021.01.29-13.29.35:649][162]LogOnline: OSS: TryLoadSubsystemAndSetDefault: Loaded subsystem for module [NULL]
[2021.01.29-13.29.35:650][162]LogPlayLevel: Creating play world package: /Game/ThirdPersonBP/Maps/UEDPIE_0_World
[2021.01.29-13.29.35:663][162]LogPlayLevel: PIE: StaticDuplicateObject took: (0.013136s)
[2021.01.29-13.29.35:664][162]LogAIModule: Creating AISystem for world World
[2021.01.29-13.29.35:664][162]LogAISub: UAISubsystem::UAISubsystem EnvQueryManager (0000022717423E00), frame # 1162
[2021.01.29-13.29.35:664][162]LogAISub: UAISubsystem::UAISubsystem AIPerceptionSystem (00000227009E4400), frame # 1162
[2021.01.29-13.29.35:664][162]LogPlayLevel: PIE: World Init took: (0.001393s)
[2021.01.29-13.29.35:664][162]LogPlayLevel: PIE: Created PIE world by copying editor world from /Game/ThirdPersonBP/Maps/World.World to /Game/ThirdPersonBP/Maps/UEDPIE_0_World.World (0.014710s)
[2021.01.29-13.29.35:672][162]LogUObjectHash: Compacting FUObjectHashTables data took   0.59ms
[2021.01.29-13.29.35:674][162]LogAudioMixer: Display: Audio Mixer Platform Settings:
[2021.01.29-13.29.35:674][162]LogAudioMixer: Display: 	Sample Rate:						  48000
[2021.01.29-13.29.35:674][162]LogAudioMixer: Display: 	Callback Buffer Frame Size Requested: 1024
[2021.01.29-13.29.35:674][162]LogAudioMixer: Display: 	Callback Buffer Frame Size To Use:	  1024
[2021.01.29-13.29.35:674][162]LogAudioMixer: Display: 	Number of buffers to queue:			  2
[2021.01.29-13.29.35:674][162]LogAudioMixer: Display: 	Max Channels (voices):				  32
[2021.01.29-13.29.35:674][162]LogAudioMixer: Display: 	Number of Async Source Workers:		  0
[2021.01.29-13.29.35:674][162]LogAudio: Display: AudioDevice MaxSources: 32
[2021.01.29-13.29.35:675][162]LogAudio: Display: Using built-in audio occlusion.
[2021.01.29-13.29.35:675][162]LogAudioMixer: Display: Initializing audio mixer.
[2021.01.29-13.29.35:678][162]LogAudioMixer: Display: 0: FrontLeft
[2021.01.29-13.29.35:678][162]LogAudioMixer: Display: 1: FrontRight
[2021.01.29-13.29.35:698][162]LogAudioMixer: Display: Using Audio Device Realtek HD Audio 2nd output (Realtek(R) Audio)
[2021.01.29-13.29.35:698][162]LogAudioMixer: Display: Initializing Sound Submixes...
[2021.01.29-13.29.35:698][162]LogAudioMixer: Display: Creating Master Submix 'MasterSubmixDefault'
[2021.01.29-13.29.35:698][162]LogAudioMixer: Display: Creating Master Submix 'MasterReverbSubmixDefault'
[2021.01.29-13.29.35:699][162]LogAudioMixer: Display: Creating Master Submix 'MasterEQSubmixDefault'
[2021.01.29-13.29.35:720][162]LogInit: FAudioDevice initialized.
[2021.01.29-13.29.35:740][162]LogLoad: Game class is 'ThirdPersonGameMode_C'
[2021.01.29-13.29.35:743][162]LogWorld: Bringing World /Game/ThirdPersonBP/Maps/UEDPIE_0_World.World up for play (max tick rate 0) at 2021.01.29-14.29.35
[2021.01.29-13.29.35:744][162]LogWorld: Bringing up level for play took: 0.002328
[2021.01.29-13.29.35:744][162]LogOnline: OSS: Creating online subsystem instance for: :Context_2
[2021.01.29-13.29.35:748][162]LogContentBrowser: Native class hierarchy updated for 'MovieSceneCapture' in 0.0004 seconds. Added 20 classes and 0 folders.
[2021.01.29-13.29.35:750][162]PIE: Server logged in
[2021.01.29-13.29.35:752][162]PIE: Play in editor total start time 0.107 seconds.
[2021.01.29-13.30.33:618][ 79]LogSlate: Updating window title bar state: overlay mode, drag disabled, window buttons hidden, title bar hidden
[2021.01.29-13.30.33:618][ 79]LogWorld: BeginTearingDown for /Game/ThirdPersonBP/Maps/UEDPIE_0_World
[2021.01.29-13.30.33:618][ 79]LogWorld: UWorld::CleanupWorld for World, bSessionEnded=true, bCleanupResources=true
[2021.01.29-13.30.33:619][ 79]LogSlate: InvalidateAllWidgets triggered.  All widgets were invalidated
[2021.01.29-13.30.33:626][ 79]LogPlayLevel: Display: Shutting down PIE online subsystems
[2021.01.29-13.30.33:628][ 79]LogSlate: InvalidateAllWidgets triggered.  All widgets were invalidated
[2021.01.29-13.30.33:636][ 79]LogSlate: Updating window title bar state: overlay mode, drag disabled, window buttons hidden, title bar hidden
[2021.01.29-13.30.33:652][ 79]LogAISub: UAISubsystem::~UAISubsystem AIPerceptionSystem (00000227009E4400), frame # 8079
[2021.01.29-13.30.33:653][ 79]LogAISub: UAISubsystem::~UAISubsystem EnvQueryManager (0000022717423E00), frame # 8079
[2021.01.29-13.30.33:654][ 79]LogUObjectHash: Compacting FUObjectHashTables data took   0.78ms
[2021.01.29-13.30.33:688][ 80]LogPlayLevel: Display: Destroying online subsystem :Context_2
[2021.01.29-13.31.08:236][578]LogFactory: FactoryCreateFile: StaticMesh with FbxFactory (0 0 C:\Users\WIN 10\Desktop\GateRim.fbx)
[2021.01.29-13.31.08:250][578]LogFbx: Loading FBX Scene from C:\Users\WIN 10\Desktop\GateRim.fbx
[2021.01.29-13.31.08:257][578]LogFbx: FBX Scene Loaded Succesfully
[2021.01.29-13.31.11:354][578]LogSlate: Window 'FBX Import Options' being destroyed
[2021.01.29-13.31.11:560][578]LogFbx: Display: Triangulating static mesh GateRim
[2021.01.29-13.31.11:575][578]LogStaticMesh: Building static mesh GateRim...
[2021.01.29-13.31.11:580][578]LogStaticMesh: Built static mesh [0.01s] /Game/Assets/Fence/GateRim.GateRim
[2021.01.29-13.31.11:588][578]FBXImport: Warning: No smoothing group information was found in this FBX scene.  Please make sure to enable the 'Export Smoothing Groups' option in the FBX Exporter plug-in before exporting the file.  Even for tools that don't support smoothing groups, the FBX Exporter will generate appropriate smoothing data at export-time so that correct vertex normals can be inferred while importing. 
[2021.01.29-13.31.11:655][578]LogSlate: Took 0.008972 seconds to synchronously load lazily loaded font '../../../Engine/Content/Slate/Fonts/DroidSansMono.ttf' (77K)
[2021.01.29-13.31.14:050][827]LogSlate: Window 'Message Log' being destroyed
[2021.01.29-13.31.28:743][285]LogSlate: Window 'Pick Parent Class' being destroyed
[2021.01.29-13.31.40:711][402]LogAssetEditorSubsystem: Opening Asset editor for Blueprint /Game/Assets/Fence/GateRimObject.GateRimObject
[2021.01.29-13.31.40:891][402]LogContentBrowser: Native class hierarchy updated for 'BlueprintGraph' in 0.0007 seconds. Added 125 classes and 0 folders.
[2021.01.29-13.31.41:879][402]LogRenderer: Reallocating scene render targets to support 1208x712 Format 10 NumSamples 1 (Frame:1).
[2021.01.29-13.31.43:503][535]LogSlate: Took 0.005993 seconds to synchronously load lazily loaded font '../../../Engine/Content/Slate/Fonts/Roboto-Italic.ttf' (157K)
[2021.01.29-13.32.20:497][831]Cmd: OBJ SAVEPACKAGE PACKAGE="/Game/Assets/Fence/GateRimObject" FILE="../../../../../Unity Projects/Radisa/Content/Assets/Fence/GateRimObject.uasset" SILENT=true
[2021.01.29-13.32.20:513][831]LogSavePackage: Moving '../../../../../Unity Projects/Radisa/Saved/GateRimObject8C79046244A9DEC0CCB928B147F56E27.tmp' to '../../../../../Unity Projects/Radisa/Content/Assets/Fence/GateRimObject.uasset'
[2021.01.29-13.32.20:530][831]AssetCheck: New page: Asset Save: GateRimObject
[2021.01.29-13.32.20:530][831]LogContentValidation: Display: Validating Blueprint /Game/Assets/Fence/GateRimObject.GateRimObject
[2021.01.29-13.32.22:837][ 35]LogSlate: Window 'GateRimObject' being destroyed
[2021.01.29-13.32.22:840][ 35]LogSlate: Window 'GateRimObject' being destroyed
[2021.01.29-13.32.22:897][ 35]LogWorld: UWorld::CleanupWorld for World_3, bSessionEnded=true, bCleanupResources=true
[2021.01.29-13.32.22:897][ 35]LogSlate: InvalidateAllWidgets triggered.  All widgets were invalidated
[2021.01.29-13.32.48:423][398]LogEditorViewport: Clicking on Actor (LMB): Landscape (Landscape)
[2021.01.29-13.32.49:556][529]LogEditorViewport: Clicking on Actor (LMB): GateRimObject_C (GateRimObject)
[2021.01.29-13.32.54:420][103]LogEditorViewport: Clicking on Actor (LMB): Landscape (Landscape)
[2021.01.29-13.33.01:456][938]LogEditorViewport: Clicking on Actor (LMB): GateRimObject_C (GateRimObject)
[2021.01.29-13.33.06:689][558]LogEditorViewport: Clicking on Actor (LMB): GateRimObject_C (GateRimObject)
[2021.01.29-13.33.07:263][625]LogEditorViewport: Clicking on Actor (LMB): GateRimObject_C (GateRimObject)
[2021.01.29-13.33.09:283][863]LogEditorViewport: Clicking on Actor (LMB): Landscape (Landscape)
[2021.01.29-13.33.10:217][971]LogEditorViewport: Clicking on Actor (LMB): GateRimObject_C (GateRimObject)
[2021.01.29-13.33.12:403][230]LogEditorViewport: Clicking on Actor (LMB): Landscape (Landscape)
[2021.01.29-13.33.12:794][273]LogEditorViewport: Clicking on Actor (LMB): Landscape (Landscape)
[2021.01.29-13.33.47:931][837]LogEditorViewport: Clicking on Actor (LMB): Landscape (Landscape)
[2021.01.29-13.34.01:020][361]LogEditorViewport: Clicking on Actor (LMB): GateRimObject_C (GateRimObject)
[2021.01.29-13.34.05:323][867]LogEditorViewport: Clicking on Actor (LMB): Landscape (Landscape)
[2021.01.29-13.34.08:207][208]LogEditorViewport: Clicking on Actor (LMB): GateRimObject_C (GateRimObject)
[2021.01.29-13.34.09:768][387]LogEditorViewport: Clicking on Actor (LMB): GateRimObject_C (GateRimObject)
[2021.01.29-13.36.39:692][439]LogFactory: FactoryCreateFile: StaticMesh with FbxFactory (0 0 C:\Users\WIN 10\Desktop\GateRight.fbx)
[2021.01.29-13.36.39:701][439]LogFbx: Loading FBX Scene from C:\Users\WIN 10\Desktop\GateRight.fbx
[2021.01.29-13.36.39:707][439]LogFbx: FBX Scene Loaded Succesfully
[2021.01.29-13.36.42:043][439]LogSlate: Window 'FBX Import Options' being destroyed
[2021.01.29-13.36.42:092][439]LogFbx: Display: Triangulating static mesh Gate2
[2021.01.29-13.36.42:102][439]LogStaticMesh: Building static mesh GateRight...
[2021.01.29-13.36.42:104][439]LogStaticMesh: Built static mesh [0.00s] /Game/Assets/Fence/GateRight.GateRight
[2021.01.29-13.36.42:105][439]LogStaticMesh: Warning: GateRight has degenerate tangent bases which will result in incorrect shading.  MikkTSpace relies on tangent bases and may result in mesh corruption, consider disabling this option.
[2021.01.29-13.36.42:105][439]LogStaticMesh: Warning: GateRight has some nearly zero bi-normals which can create some issues. (Tolerance of 1E-4)
[2021.01.29-13.36.42:114][439]FBXImport: Warning: No smoothing group information was found in this FBX scene.  Please make sure to enable the 'Export Smoothing Groups' option in the FBX Exporter plug-in before exporting the file.  Even for tools that don't support smoothing groups, the FBX Exporter will generate appropriate smoothing data at export-time so that correct vertex normals can be inferred while importing. 
[2021.01.29-13.36.42:114][439]FBXImport: Warning: GateRight has degenerate tangent bases which will result in incorrect shading.  MikkTSpace relies on tangent bases and may result in mesh corruption, consider disabling this option. 
[2021.01.29-13.36.42:114][439]FBXImport: Warning: GateRight has some nearly zero bi-normals which can create some issues. (Tolerance of 1E-4) 
[2021.01.29-13.36.42:173][439]LogFactory: FactoryCreateFile: StaticMesh with FbxFactory (0 0 C:\Users\WIN 10\Desktop\GateLeft.fbx)
[2021.01.29-13.36.42:192][439]LogFbx: Loading FBX Scene from C:\Users\WIN 10\Desktop\GateLeft.fbx
[2021.01.29-13.36.42:199][439]LogFbx: FBX Scene Loaded Succesfully
[2021.01.29-13.36.42:203][439]LogFbx: Display: Triangulating static mesh Gate1
[2021.01.29-13.36.42:205][439]LogStaticMesh: Building static mesh GateLeft...
[2021.01.29-13.36.42:207][439]LogStaticMesh: Built static mesh [0.00s] /Game/Assets/Fence/GateLeft.GateLeft
[2021.01.29-13.36.42:207][439]LogStaticMesh: Warning: GateLeft has degenerate tangent bases which will result in incorrect shading.  MikkTSpace relies on tangent bases and may result in mesh corruption, consider disabling this option.
[2021.01.29-13.36.42:208][439]LogStaticMesh: Warning: GateLeft has some nearly zero bi-normals which can create some issues. (Tolerance of 1E-4)
[2021.01.29-13.36.42:217][439]FBXImport: Warning: No smoothing group information was found in this FBX scene.  Please make sure to enable the 'Export Smoothing Groups' option in the FBX Exporter plug-in before exporting the file.  Even for tools that don't support smoothing groups, the FBX Exporter will generate appropriate smoothing data at export-time so that correct vertex normals can be inferred while importing. 
[2021.01.29-13.36.42:217][439]FBXImport: Warning: GateLeft has degenerate tangent bases which will result in incorrect shading.  MikkTSpace relies on tangent bases and may result in mesh corruption, consider disabling this option. 
[2021.01.29-13.36.42:217][439]FBXImport: Warning: GateLeft has some nearly zero bi-normals which can create some issues. (Tolerance of 1E-4) 
[2021.01.29-13.36.43:474][562]LogSlate: Window 'Message Log' being destroyed
[2021.01.29-13.36.43:478][562]LogSlate: Window 'Message Log' being destroyed
[2021.01.29-13.36.53:483][418]Cmd: OBJ SAVEPACKAGE PACKAGE="/Game/Assets/Fence/FBX/Fence" FILE="../../../../../Unity Projects/Radisa/Content/Assets/Fence/FBX/Fence.uasset" SILENT=true
[2021.01.29-13.36.53:505][418]LogSavePackage: Moving '../../../../../Unity Projects/Radisa/Saved/Fence632AC1734CF6EFBD127EEB8F140A3C3C.tmp' to '../../../../../Unity Projects/Radisa/Content/Assets/Fence/FBX/Fence.uasset'
[2021.01.29-13.36.53:746][418]LogUObjectHash: Compacting FUObjectHashTables data took   3.34ms
[2021.01.29-13.36.53:796][418]LogUObjectHash: Compacting FUObjectHashTables data took   1.96ms
[2021.01.29-13.36.53:810][418]LogUObjectHash: Compacting FUObjectHashTables data took   0.41ms
[2021.01.29-13.36.53:847][418]Cmd: OBJ SAVEPACKAGE PACKAGE="/Game/Assets/Fence/FenceObject" FILE="../../../../../Unity Projects/Radisa/Content/Assets/Fence/FenceObject.uasset" SILENT=true
[2021.01.29-13.36.53:870][418]LogSavePackage: Moving '../../../../../Unity Projects/Radisa/Saved/FenceObject4E28D549443784C45C37408821AAEE0A.tmp' to '../../../../../Unity Projects/Radisa/Content/Assets/Fence/FenceObject.uasset'
[2021.01.29-13.36.53:907][418]AssetCheck: New page: Asset Save: multiple assets
[2021.01.29-13.36.53:907][418]LogContentValidation: Display: Validating StaticMesh /Game/Assets/Fence/FBX/Fence.Fence
[2021.01.29-13.36.53:908][418]LogContentValidation: Display: Validating Blueprint /Game/Assets/Fence/FenceObject.FenceObject
[2021.01.29-13.36.57:623][695]Cmd: OBJ SAVEPACKAGE PACKAGE="/Game/Assets/Fence/FBX/GateRim" FILE="../../../../../Unity Projects/Radisa/Content/Assets/Fence/FBX/GateRim.uasset" SILENT=true
[2021.01.29-13.36.57:638][695]LogSavePackage: Moving '../../../../../Unity Projects/Radisa/Saved/GateRim98638DD44BF81C6AAF7B5BAD641B5420.tmp' to '../../../../../Unity Projects/Radisa/Content/Assets/Fence/FBX/GateRim.uasset'
[2021.01.29-13.36.57:770][695]LogUObjectHash: Compacting FUObjectHashTables data took   1.25ms
[2021.01.29-13.36.57:816][695]LogUObjectHash: Compacting FUObjectHashTables data took   1.30ms
[2021.01.29-13.36.57:830][695]LogUObjectHash: Compacting FUObjectHashTables data took   0.42ms
[2021.01.29-13.36.57:851][695]Cmd: OBJ SAVEPACKAGE PACKAGE="/Game/Assets/Fence/GateRimObject" FILE="../../../../../Unity Projects/Radisa/Content/Assets/Fence/GateRimObject.uasset" SILENT=true
[2021.01.29-13.36.57:874][695]LogSavePackage: Moving '../../../../../Unity Projects/Radisa/Saved/GateRimObjectE50A716541FC71BEAF512BAC805D7EA2.tmp' to '../../../../../Unity Projects/Radisa/Content/Assets/Fence/GateRimObject.uasset'
[2021.01.29-13.36.57:910][695]AssetCheck: New page: Asset Save: multiple assets
[2021.01.29-13.36.57:910][695]LogContentValidation: Display: Validating StaticMesh /Game/Assets/Fence/FBX/GateRim.GateRim
[2021.01.29-13.36.57:910][695]LogContentValidation: Display: Validating Blueprint /Game/Assets/Fence/GateRimObject.GateRimObject
[2021.01.29-13.37.08:036][615]LogUObjectHash: Compacting FUObjectHashTables data took   1.73ms
[2021.01.29-13.37.08:039][615]LogMetaData: Removing '/Game/Assets/Fence/GateObject.GateObject:UserConstructionScript.K2Node_FunctionEntry_0' ref from Metadata '/Game/Assets/Fence/GateRimObject.PackageMetaData'
[2021.01.29-13.37.08:039][615]LogMetaData: Removing '/Game/Assets/Fence/GateObject.SKEL_GateObject_C' ref from Metadata '/Game/Assets/Fence/GateRimObject.PackageMetaData'
[2021.01.29-13.37.08:039][615]LogMetaData: Removing '/Game/Assets/Fence/GateObject.GateObject_C' ref from Metadata '/Game/Assets/Fence/GateRimObject.PackageMetaData'
[2021.01.29-13.37.08:039][615]LogMetaData: Removing '/Game/Assets/Fence/GateObject.GateObject:EventGraph.K2Node_Event_0' ref from Metadata '/Game/Assets/Fence/GateRimObject.PackageMetaData'
[2021.01.29-13.37.08:039][615]LogMetaData: Removing '/Game/Assets/Fence/GateObject.GateObject:EventGraph.K2Node_Event_1' ref from Metadata '/Game/Assets/Fence/GateRimObject.PackageMetaData'
[2021.01.29-13.37.08:039][615]LogMetaData: Removing '/Game/Assets/Fence/GateObject.GateObject:EventGraph.K2Node_Event_2' ref from Metadata '/Game/Assets/Fence/GateRimObject.PackageMetaData'
[2021.01.29-13.37.08:072][615]Cmd: OBJ SAVEPACKAGE PACKAGE="/Game/Assets/Fence/GateObject" FILE="../../../../../Unity Projects/Radisa/Content/Assets/Fence/GateObject.uasset" SILENT=true
[2021.01.29-13.37.08:088][615]LogSavePackage: Moving '../../../../../Unity Projects/Radisa/Saved/GateObjectFE1F242F4F31FC65B08DCAA4B5ECA982.tmp' to '../../../../../Unity Projects/Radisa/Content/Assets/Fence/GateObject.uasset'
[2021.01.29-13.37.08:306][615]LogUObjectHash: Compacting FUObjectHashTables data took   1.88ms
[2021.01.29-13.37.08:351][615]LogUObjectHash: Compacting FUObjectHashTables data took   1.63ms
[2021.01.29-13.37.08:361][615]LogUObjectHash: Compacting FUObjectHashTables data took   0.41ms
[2021.01.29-13.37.08:390][615]AssetCheck: New page: Asset Save: GateObject
[2021.01.29-13.37.08:390][615]LogContentValidation: Display: Validating Blueprint /Game/Assets/Fence/GateObject.GateObject
[2021.01.29-13.37.10:391][784]LogAssetEditorSubsystem: Opening Asset editor for Blueprint /Game/Assets/Fence/GateObject.GateObject
[2021.01.29-13.37.10:861][784]LogSlate: Took 0.000154 seconds to synchronously load lazily loaded font '../../../Engine/Content/Slate/Fonts/Roboto-BoldCondensed.ttf' (158K)
[2021.01.29-13.39.11:414][587]Cmd: OBJ SAVEPACKAGE PACKAGE="/Game/Assets/Fence/GateObject" FILE="../../../../../Unity Projects/Radisa/Content/Assets/Fence/GateObject.uasset" SILENT=true
[2021.01.29-13.39.11:437][587]LogSavePackage: Moving '../../../../../Unity Projects/Radisa/Saved/GateObjectD4145B954A031D2265047BB05EC4939C.tmp' to '../../../../../Unity Projects/Radisa/Content/Assets/Fence/GateObject.uasset'
[2021.01.29-13.39.11:448][587]AssetCheck: New page: Asset Save: GateObject
[2021.01.29-13.39.11:448][587]LogContentValidation: Display: Validating Blueprint /Game/Assets/Fence/GateObject.GateObject
[2021.01.29-13.39.12:639][673]LogSlate: Window 'GateObject' being destroyed
[2021.01.29-13.39.12:659][673]LogWorld: UWorld::CleanupWorld for World_6, bSessionEnded=true, bCleanupResources=true
[2021.01.29-13.39.12:659][673]LogSlate: InvalidateAllWidgets triggered.  All widgets were invalidated
[2021.01.29-13.39.14:548][884]LogEditorViewport: Clicking on Actor (LMB): Landscape (Landscape)
[2021.01.29-13.39.19:993][528]LogEditorViewport: Clicking on Actor (LMB): GateObject_C (GateRimObject)
[2021.01.29-13.39.23:025][886]LogEditorViewport: Clicking on Actor (LMB): GateObject_C (GateRimObject)
[2021.01.29-13.39.23:510][942]LogEditorViewport: Clicking on Actor (LMB): GateObject_C (GateRimObject)
[2021.01.29-13.39.23:919][989]LogEditorViewport: Clicking on Actor (LMB): GateObject_C (GateRimObject)
[2021.01.29-13.39.24:013][998]LogEditorViewport: Clicking on Component (LMB): StaticMeshComponent (LeftGate)
[2021.01.29-13.39.33:235][ 24]Cmd: TRANSACTION UNDO
[2021.01.29-13.39.33:235][ 24]LogEditorTransaction: Undo Modify Component(s)
[2021.01.29-13.39.33:763][ 42]LogEditorViewport: Clicking on Component (LMB): StaticMeshComponent (RightGate)
[2021.01.29-13.39.38:274][406]Cmd: TRANSACTION UNDO
[2021.01.29-13.39.38:274][406]LogEditorTransaction: Undo Modify Component(s)
[2021.01.29-13.39.39:181][458]LogEditorViewport: Clicking on Actor (LMB): Landscape (Landscape)
[2021.01.29-13.39.40:151][562]Cmd: TRANSACTION UNDO
[2021.01.29-13.39.40:151][562]LogEditorTransaction: Undo Clicking on Actors
[2021.01.29-13.39.40:403][583]Cmd: TRANSACTION UNDO
[2021.01.29-13.39.40:403][583]LogEditorTransaction: Undo Clicking on Components
[2021.01.29-13.39.41:296][684]LogEditorViewport: Clicking on Actor (LMB): Landscape (Landscape)
[2021.01.29-13.39.54:636][861]Cmd: OBJ SAVEPACKAGE PACKAGE="/Game/Assets/Fence/FBX/GateRight" FILE="../../../../../Unity Projects/Radisa/Content/Assets/Fence/FBX/GateRight.uasset" SILENT=true
[2021.01.29-13.39.54:650][861]LogSavePackage: Moving '../../../../../Unity Projects/Radisa/Saved/GateRight11D30FE84F849B20823796A3CB880A16.tmp' to '../../../../../Unity Projects/Radisa/Content/Assets/Fence/FBX/GateRight.uasset'
[2021.01.29-13.39.54:798][861]LogUObjectHash: Compacting FUObjectHashTables data took   3.04ms
[2021.01.29-13.39.54:842][861]LogUObjectHash: Compacting FUObjectHashTables data took   1.39ms
[2021.01.29-13.39.54:857][861]LogUObjectHash: Compacting FUObjectHashTables data took   0.45ms
[2021.01.29-13.39.54:878][861]Cmd: OBJ SAVEPACKAGE PACKAGE="/Game/Assets/Fence/GateObject" FILE="../../../../../Unity Projects/Radisa/Content/Assets/Fence/GateObject.uasset" SILENT=true
[2021.01.29-13.39.54:894][861]LogSavePackage: Moving '../../../../../Unity Projects/Radisa/Saved/GateObjectFB82D251479C2BA0BFA344920D2B600E.tmp' to '../../../../../Unity Projects/Radisa/Content/Assets/Fence/GateObject.uasset'
[2021.01.29-13.39.54:935][861]AssetCheck: New page: Asset Save: multiple assets
[2021.01.29-13.39.54:935][861]LogContentValidation: Display: Validating StaticMesh /Game/Assets/Fence/FBX/GateRight.GateRight
[2021.01.29-13.39.54:935][861]LogContentValidation: Display: Validating Blueprint /Game/Assets/Fence/GateObject.GateObject
[2021.01.29-13.39.56:851][998]Cmd: OBJ SAVEPACKAGE PACKAGE="/Game/Assets/Fence/FBX/GateLeft" FILE="../../../../../Unity Projects/Radisa/Content/Assets/Fence/FBX/GateLeft.uasset" SILENT=true
[2021.01.29-13.39.56:864][998]LogSavePackage: Moving '../../../../../Unity Projects/Radisa/Saved/GateLeft0529BAFA4C4C42DBF6FF178786B63298.tmp' to '../../../../../Unity Projects/Radisa/Content/Assets/Fence/FBX/GateLeft.uasset'
[2021.01.29-13.39.57:010][998]LogUObjectHash: Compacting FUObjectHashTables data took   1.44ms
[2021.01.29-13.39.57:029][998]LogUObjectHash: Compacting FUObjectHashTables data took   1.39ms
[2021.01.29-13.39.57:044][998]LogUObjectHash: Compacting FUObjectHashTables data took   0.44ms
[2021.01.29-13.39.57:065][998]Cmd: OBJ SAVEPACKAGE PACKAGE="/Game/Assets/Fence/GateObject" FILE="../../../../../Unity Projects/Radisa/Content/Assets/Fence/GateObject.uasset" SILENT=true
[2021.01.29-13.39.57:082][998]LogSavePackage: Moving '../../../../../Unity Projects/Radisa/Saved/GateObject9D5CD24041306AC9ED864BB5A3F12AF4.tmp' to '../../../../../Unity Projects/Radisa/Content/Assets/Fence/GateObject.uasset'
[2021.01.29-13.39.57:125][998]AssetCheck: New page: Asset Save: multiple assets
[2021.01.29-13.39.57:125][998]LogContentValidation: Display: Validating StaticMesh /Game/Assets/Fence/FBX/GateLeft.GateLeft
[2021.01.29-13.39.57:125][998]LogContentValidation: Display: Validating Blueprint /Game/Assets/Fence/GateObject.GateObject
[2021.01.29-13.39.58:667][117]LogAssetEditorSubsystem: Opening Asset editor for Blueprint /Game/Assets/Fence/GateObject.GateObject
[2021.01.29-13.40.20:503][861]Cmd: OBJ SAVEPACKAGE PACKAGE="/Game/Assets/Fence/GateObject" FILE="../../../../../Unity Projects/Radisa/Content/Assets/Fence/GateObject.uasset" SILENT=true
[2021.01.29-13.40.20:519][861]LogSavePackage: Moving '../../../../../Unity Projects/Radisa/Saved/GateObject20A1DE2C47E81EDC4F4396912E7A7939.tmp' to '../../../../../Unity Projects/Radisa/Content/Assets/Fence/GateObject.uasset'
[2021.01.29-13.40.20:530][861]AssetCheck: New page: Asset Save: GateObject
[2021.01.29-13.40.20:530][861]LogContentValidation: Display: Validating Blueprint /Game/Assets/Fence/GateObject.GateObject
[2021.01.29-13.40.21:725][946]LogSlate: Window 'GateObject' being destroyed
[2021.01.29-13.40.21:730][946]LogWorld: UWorld::CleanupWorld for World_7, bSessionEnded=true, bCleanupResources=true
[2021.01.29-13.40.21:730][946]LogSlate: InvalidateAllWidgets triggered.  All widgets were invalidated
[2021.01.29-13.40.23:218][107]LogEditorViewport: Clicking on Actor (LMB): GateObject_C (GateRimObject)
[2021.01.29-13.40.24:008][197]LogEditorViewport: Clicking on Actor (LMB): GateObject_C (GateRimObject)
[2021.01.29-13.40.25:819][410]LogEditorViewport: Clicking on Actor (LMB): GateObject_C (GateRimObject)
[2021.01.29-13.40.25:919][420]LogEditorViewport: Clicking on Component (LMB): StaticMeshComponent (RightGate)
[2021.01.29-13.40.27:931][656]LogEditorViewport: Clicking on Actor (LMB): Landscape (Landscape)
[2021.01.29-13.40.34:566][443]LogEditorViewport: Clicking on Actor (LMB): Landscape (Landscape)
[2021.01.29-13.40.43:526][501]LogEditorViewport: Clicking on Actor (LMB): BP_Sky_Sphere_C (Sky Sphere)
[2021.01.29-13.40.49:970][251]LogTemp: Repeating last play command: Selected Viewport
[2021.01.29-13.40.49:988][251]BlueprintLog: New page: Pre-Play auto-recompile
[2021.01.29-13.40.49:989][251]LogPlayLevel: [PlayLevel] Compiling FenceObject before play...
[2021.01.29-13.40.50:009][251]LogPlayLevel: [PlayLevel] Compiling GateObject before play...
[2021.01.29-13.40.50:040][251]LogUObjectHash: Compacting FUObjectHashTables data took   2.33ms
[2021.01.29-13.40.50:046][251]LogPlayLevel: PlayLevel: Blueprint regeneration took 57 ms (2 blueprints)
[2021.01.29-13.40.50:046][251]PIE: New page: PIE session: World (Jan 29, 2021, 3:40:50 PM)
[2021.01.29-13.40.50:046][251]LogPlayLevel: Creating play world package: /Game/ThirdPersonBP/Maps/UEDPIE_0_World
[2021.01.29-13.40.50:059][251]LogPlayLevel: PIE: StaticDuplicateObject took: (0.013274s)
[2021.01.29-13.40.50:060][251]LogAIModule: Creating AISystem for world World
[2021.01.29-13.40.50:060][251]LogAISub: UAISubsystem::UAISubsystem EnvQueryManager (0000022767C41E00), frame # 47251
[2021.01.29-13.40.50:060][251]LogAISub: UAISubsystem::UAISubsystem AIPerceptionSystem (00000227A58AB880), frame # 47251
[2021.01.29-13.40.50:060][251]LogPlayLevel: PIE: World Init took: (0.001301s)
[2021.01.29-13.40.50:060][251]LogPlayLevel: PIE: Created PIE world by copying editor world from /Game/ThirdPersonBP/Maps/World.World to /Game/ThirdPersonBP/Maps/UEDPIE_0_World.World (0.014714s)
[2021.01.29-13.40.50:075][251]LogUObjectHash: Compacting FUObjectHashTables data took   1.68ms
[2021.01.29-13.40.50:076][251]LogAudioMixer: Display: Audio Mixer Platform Settings:
[2021.01.29-13.40.50:076][251]LogAudioMixer: Display: 	Sample Rate:						  48000
[2021.01.29-13.40.50:076][251]LogAudioMixer: Display: 	Callback Buffer Frame Size Requested: 1024
[2021.01.29-13.40.50:076][251]LogAudioMixer: Display: 	Callback Buffer Frame Size To Use:	  1024
[2021.01.29-13.40.50:076][251]LogAudioMixer: Display: 	Number of buffers to queue:			  2
[2021.01.29-13.40.50:076][251]LogAudioMixer: Display: 	Max Channels (voices):				  32
[2021.01.29-13.40.50:076][251]LogAudioMixer: Display: 	Number of Async Source Workers:		  0
[2021.01.29-13.40.50:076][251]LogAudio: Display: AudioDevice MaxSources: 32
[2021.01.29-13.40.50:077][251]LogAudio: Display: Using built-in audio occlusion.
[2021.01.29-13.40.50:077][251]LogAudioMixer: Display: Initializing audio mixer.
[2021.01.29-13.40.50:079][251]LogAudioMixer: Display: 0: FrontLeft
[2021.01.29-13.40.50:079][251]LogAudioMixer: Display: 1: FrontRight
[2021.01.29-13.40.50:098][251]LogAudioMixer: Display: Using Audio Device Realtek HD Audio 2nd output (Realtek(R) Audio)
[2021.01.29-13.40.50:098][251]LogAudioMixer: Display: Initializing Sound Submixes...
[2021.01.29-13.40.50:098][251]LogAudioMixer: Display: Creating Master Submix 'MasterSubmixDefault'
[2021.01.29-13.40.50:098][251]LogAudioMixer: Display: Creating Master Submix 'MasterReverbSubmixDefault'
[2021.01.29-13.40.50:099][251]LogAudioMixer: Display: Creating Master Submix 'MasterEQSubmixDefault'
[2021.01.29-13.40.50:112][251]LogInit: FAudioDevice initialized.
[2021.01.29-13.40.50:123][251]LogLoad: Game class is 'ThirdPersonGameMode_C'
[2021.01.29-13.40.50:125][251]LogWorld: Bringing World /Game/ThirdPersonBP/Maps/UEDPIE_0_World.World up for play (max tick rate 0) at 2021.01.29-14.40.50
[2021.01.29-13.40.50:125][251]LogWorld: Bringing up level for play took: 0.002166
[2021.01.29-13.40.50:125][251]LogOnline: OSS: Creating online subsystem instance for: :Context_10
[2021.01.29-13.40.50:128][251]PIE: Server logged in
[2021.01.29-13.40.50:129][251]PIE: Play in editor total start time 0.141 seconds.
[2021.01.29-13.42.01:047][724]LogSlate: Updating window title bar state: overlay mode, drag disabled, window buttons hidden, title bar hidden
[2021.01.29-13.42.01:047][724]LogWorld: BeginTearingDown for /Game/ThirdPersonBP/Maps/UEDPIE_0_World
[2021.01.29-13.42.01:048][724]LogWorld: UWorld::CleanupWorld for World, bSessionEnded=true, bCleanupResources=true
[2021.01.29-13.42.01:048][724]LogSlate: InvalidateAllWidgets triggered.  All widgets were invalidated
[2021.01.29-13.42.01:060][724]LogPlayLevel: Display: Shutting down PIE online subsystems
[2021.01.29-13.42.01:063][724]LogSlate: InvalidateAllWidgets triggered.  All widgets were invalidated
[2021.01.29-13.42.01:078][724]LogSlate: Updating window title bar state: overlay mode, drag disabled, window buttons hidden, title bar hidden
[2021.01.29-13.42.01:095][724]LogAISub: UAISubsystem::~UAISubsystem AIPerceptionSystem (00000227A58AB880), frame # 55724
[2021.01.29-13.42.01:095][724]LogAISub: UAISubsystem::~UAISubsystem EnvQueryManager (0000022767C41E00), frame # 55724
[2021.01.29-13.42.01:097][724]LogUObjectHash: Compacting FUObjectHashTables data took   1.88ms
[2021.01.29-13.42.01:134][725]LogPlayLevel: Display: Destroying online subsystem :Context_10
[2021.01.29-13.42.04:093][ 72]LogEditorViewport: Clicking on Actor (LMB): GateObject_C (GateRimObject)
[2021.01.29-13.42.04:170][ 78]LogEditorViewport: Clicking on Component (LMB): StaticMeshComponent (LeftGate)
[2021.01.29-13.42.15:776][ 96]LogEditorViewport: Clicking on Component (LMB): StaticMeshComponent (RightGate)
[2021.01.29-13.42.15:876][103]LogEditorViewport: Clicking on Actor (double click): GateObject_C (GateRimObject)
[2021.01.29-13.42.16:435][168]LogEditorViewport: Clicking on Actor (LMB): GateObject_C (GateRimObject)
[2021.01.29-13.42.16:543][179]LogEditorViewport: Clicking on Component (LMB): StaticMeshComponent (RightGate)
[2021.01.29-13.42.38:083][342]Cmd: TRANSACTION UNDO
[2021.01.29-13.42.38:083][342]LogEditorTransaction: Undo Modify Component(s)
[2021.01.29-13.42.39:455][436]LogEditorViewport: Clicking on Actor (LMB): Landscape (Landscape)
[2021.01.29-13.42.41:558][681]LogEditorViewport: Clicking on Actor (LMB): GateObject_C (GateRimObject)
[2021.01.29-13.42.43:848][949]Cmd: TRANSACTION UNDO
[2021.01.29-13.42.43:848][949]LogEditorTransaction: Undo Set Rotation
[2021.01.29-13.42.44:627][989]LogEditorViewport: Clicking on Actor (LMB): GateObject_C (GateRimObject)
[2021.01.29-13.42.44:723][998]LogEditorViewport: Clicking on Component (LMB): StaticMeshComponent (LeftGate)
[2021.01.29-13.42.57:684][349]LogEditorViewport: Clicking on Actor (LMB): Landscape (Landscape)
[2021.01.29-13.43.03:364][890]LogAssetEditorSubsystem: Opening Asset editor for Blueprint /Game/Assets/Fence/GateObject.GateObject
[2021.01.29-13.43.21:137][110]LogEditorTransaction: Undo Set Rotation
[2021.01.29-13.43.43:106][501]LogEditorTransaction: Undo Set Location
[2021.01.29-13.44.00:000][811]LogSlate: Window 'GateObject' being destroyed
[2021.01.29-13.44.00:006][811]LogSlate: Window 'GateObject' being destroyed
[2021.01.29-13.44.00:027][811]LogWorld: UWorld::CleanupWorld for World_8, bSessionEnded=true, bCleanupResources=true
[2021.01.29-13.44.00:027][811]LogSlate: InvalidateAllWidgets triggered.  All widgets were invalidated
[2021.01.29-13.44.06:696][586]LogEditorViewport: Clicking on Actor (LMB): FenceObject_C (FenceObject8)
[2021.01.29-13.44.11:938][208]Cmd: DUPLICATE
[2021.01.29-13.44.11:938][208]Cmd: ACTOR DUPLICATE
[2021.01.29-13.44.14:285][483]Cmd: TRANSACTION UNDO
[2021.01.29-13.44.14:285][483]LogEditorTransaction: Undo Move Actors
[2021.01.29-13.44.22:864][442]Cmd: DUPLICATE
[2021.01.29-13.44.22:864][442]Cmd: ACTOR DUPLICATE
[2021.01.29-13.44.39:279][279]LogTexture: Display: Building textures: Texture2D_2 (G8, 128X128)
[2021.01.29-13.44.41:072][456]LogSlate: WidgetSwitcher ('None') active index changed to 1
[2021.01.29-13.45.13:323][217]Cmd: OBJ SAVEPACKAGE PACKAGE="/Game/ThirdPersonBP/Maps/World" FILE="../../../../../Unity Projects/Radisa/Content/ThirdPersonBP/Maps/World.umap" SILENT=true AUTOSAVING=false KEEPDIRTY=false
[2021.01.29-13.45.13:344][217]LogUObjectHash: Compacting FUObjectHashTables data took   1.93ms
[2021.01.29-13.45.13:368][217]LogTexture: Display: Building textures: Texture2D_0 (BGRA8, 64X64)
[2021.01.29-13.45.13:369][217]LogTexture: Display: Building textures: Texture2D_12 (BGRA8, 16X16)
[2021.01.29-13.45.13:369][217]LogTexture: Display: Building textures: Texture2D_14 (BGRA8, 16X16)
[2021.01.29-13.45.13:370][217]LogTexture: Display: Building textures: Texture2D_13 (BGRA8, 16X16)
[2021.01.29-13.45.13:370][217]LogTexture: Display: Building textures: Texture2D_11 (BGRA8, 16X16)
[2021.01.29-13.45.13:442][217]LogSavePackage: Moving '../../../../../Unity Projects/Radisa/Saved/World13D72B7E44359247F80D938DA0AACBD0.tmp' to '../../../../../Unity Projects/Radisa/Content/ThirdPersonBP/Maps/World.umap'
[2021.01.29-13.45.13:482][217]Cmd: OBJ SAVEPACKAGE PACKAGE="/Game/ThirdPersonBP/Maps/World_BuiltData" FILE="../../../../../Unity Projects/Radisa/Content/ThirdPersonBP/Maps/World_BuiltData.uasset" SILENT=true
[2021.01.29-13.45.13:505][217]LogSavePackage: Moving '../../../../../Unity Projects/Radisa/Saved/World_BuiltData5E4DB35347B5305D66069DACB8A8C030.tmp' to '../../../../../Unity Projects/Radisa/Content/ThirdPersonBP/Maps/World_BuiltData.uasset'
[2021.01.29-13.45.13:517][217]AssetCheck: New page: Asset Save: multiple assets
[2021.01.29-13.45.13:518][217]LogContentValidation: Display: Validating World /Game/ThirdPersonBP/Maps/World.World
[2021.01.29-13.45.13:518][217]LogContentValidation: Display: Validating MapBuildDataRegistry /Game/ThirdPersonBP/Maps/World_BuiltData.World_BuiltData
[2021.01.29-13.47.45:775][972]LogEditorViewport: Clicking on Actor (LMB): FenceObject_C (FenceObject9)
[2021.01.29-13.55.13:544][625]LogUObjectHash: Compacting FUObjectHashTables data took   2.33ms
[2021.01.29-13.55.13:661][625]LogSavePackage: Moving '../../../../../Unity Projects/Radisa/Saved/World_Auto16D58BEE740B98E63A14C7AA5F7E85969.tmp' to '../../../../../Unity Projects/Radisa/Saved/Autosaves/Game/ThirdPersonBP/Maps/World_Auto1.umap'
[2021.01.29-13.55.13:663][625]LogFileHelpers: Editor autosave (incl. sublevels) for '/Game/ThirdPersonBP/Maps/World' took 0.139
[2021.01.29-13.55.13:663][625]LogFileHelpers: Editor autosave (incl. sublevels) for all levels took 0.139
[2021.01.29-13.55.13:663][625]OBJ SavePackage: Generating thumbnails for [0] asset(s) in package [/Game/Assets/Fence/GateObject] ([1] browsable assets)...
[2021.01.29-13.55.13:663][625]OBJ SavePackage: Finished generating thumbnails for package [/Game/Assets/Fence/GateObject]
[2021.01.29-13.55.13:663][625]Cmd: OBJ SAVEPACKAGE PACKAGE="/Game/Assets/Fence/GateObject" FILE="../../../../../Unity Projects/Radisa/Saved/Autosaves/Game/Assets/Fence/GateObject_Auto1.uasset" SILENT=false AUTOSAVING=true
[2021.01.29-13.55.13:685][625]LogSavePackage: Moving '../../../../../Unity Projects/Radisa/Saved/GateObject_Auto14D3E8DD84011AA68C46D74A25FBB9AD3.tmp' to '../../../../../Unity Projects/Radisa/Saved/Autosaves/Game/Assets/Fence/GateObject_Auto1.uasset'
[2021.01.29-13.55.13:686][625]LogFileHelpers: Auto-saving content packages took 0.023
[2021.01.29-14.13.50:555][962]LogEditorViewport: Clicking on Actor (LMB): FenceObject_C (FenceObject10)
[2021.01.29-14.14.11:218][413]LogEditorViewport: Clicking on Actor (LMB): Landscape (Landscape)
[2021.01.29-14.15.19:261][563]LogUObjectHash: Compacting FUObjectHashTables data took   1.69ms
[2021.01.29-14.15.19:357][563]LogSavePackage: Moving '../../../../../Unity Projects/Radisa/Saved/World_Auto2D81902B44ADC25A14B445EA51F11A999.tmp' to '../../../../../Unity Projects/Radisa/Saved/Autosaves/Game/ThirdPersonBP/Maps/World_Auto2.umap'
[2021.01.29-14.15.19:358][563]LogFileHelpers: Editor autosave (incl. sublevels) for '/Game/ThirdPersonBP/Maps/World' took 0.114
[2021.01.29-14.15.19:358][563]LogFileHelpers: Editor autosave (incl. sublevels) for all levels took 0.114
